#
# A fatal error has been detected by the Java Runtime Environment:
#
#  EXCEPTION_ACCESS_VIOLATION (0xc0000005) at pc=0x000001f672bc8e2c, pid=14496, tid=21808
#
# JRE version: OpenJDK Runtime Environment Temurin-21.0.3+9 (21.0.3+9) (build 21.0.3+9-LTS)
# Java VM: OpenJDK 64-Bit Server VM Temurin-21.0.3+9 (21.0.3+9-LTS, mixed mode, emulated-client, tiered, compressed oops, compressed class ptrs, g1 gc, windows-amd64)
# Problematic frame:
# v  ~BufferBlob::MethodHandles adapters 0x000001f672bc8e2c
#
# No core dump will be written. Minidumps are not enabled by default on client versions of Windows
#
# If you would like to submit a bug report, please visit:
#   https://github.com/adoptium/adoptium-support/issues
#

---------------  S U M M A R Y ------------

Command Line: -XX:+ShowCodeDetailsInExceptionMessages -agentlib:jdwp=transport=dt_socket,suspend=y,address=localhost:50551 -Dcom.sun.management.jmxremote -Dcom.sun.management.jmxremote.port=50550 -Dcom.sun.management.jmxremote.authenticate=false -Dcom.sun.management.jmxremote.ssl=false -Djava.rmi.server.hostname=localhost -Dspring.jmx.enabled=true -Dmanagement.endpoints.jmx.exposure.include=* -Dspring.application.admin.enabled=true -XX:TieredStopAtLevel=1 -Dspring.boot.project.name=SceneStealerFinal -javaagent:C:\work2\eclipse\configuration\org.eclipse.osgi\448\0\.cp\lib\javaagent-shaded.jar -Dfile.encoding=UTF-8 -Dstdout.encoding=UTF-8 -Dstderr.encoding=UTF-8 pack.SceneStealerFinalApplication --spring.output.ansi.enabled=always

Host: 11th Gen Intel(R) Core(TM) i5-1135G7 @ 2.40GHz, 8 cores, 7G,  Windows 11 , 64 bit Build 22621 (10.0.22621.3672)
Time: Fri Aug 16 02:07:55 2024  Windows 11 , 64 bit Build 22621 (10.0.22621.3672) elapsed time: 42058.688206 seconds (0d 11h 40m 58s)

---------------  T H R E A D  ---------------

Current thread (0x000001f602ca1ca0):  JavaThread "restartedMain"        [_thread_in_Java, id=21808, stack(0x00000043c2800000,0x00000043c2900000) (1024K)]

Stack: [0x00000043c2800000,0x00000043c2900000],  sp=0x00000043c28fda98,  free space=1014k
Native frames: (J=compiled Java code, j=interpreted, Vv=VM code, C=native code)
C  0x000001f672bc8e2c

The last pc belongs to _linkToSpecial (printed below).

siginfo: EXCEPTION_ACCESS_VIOLATION (0xc0000005), reading address 0xffffffffffffffff


Registers:
RAX=0x000001f672b79086, RBX=0x888b6e5800000000, RCX=0x00000043c28fdaa0, RDX=0x0000000000000002
RSP=0x00000043c28fda98, RBP=0x00000043c28fdae8, RSI=0x000001f600067628, RDI=0x000001f602cf4300
R8 =0x0000000000000004, R9 =0x0000000000000004, R10=0x00007fffd6cb1a30, R11=0x000001f67b3eefe0
R12=0x0000000000000000, R13=0x00000043c28fda98, R14=0x00000043c28fdb08, R15=0x000001f602ca1ca0
RIP=0x000001f672bc8e2c, EFLAGS=0x0000000000010202


Register to memory mapping:

RAX=0x000001f672b79086 is at code_begin+3078 in an Interpreter codelet
return entry points  [0x000001f672b78480, 0x000001f672b7a298]  7704 bytes
RBX=0x888b6e5800000000 is an unknown value
RCX=0x00000043c28fdaa0 is pointing into the stack for thread: 0x000001f602ca1ca0
RDX=0x0000000000000002 is an unknown value
RSP=0x00000043c28fda98 is pointing into the stack for thread: 0x000001f602ca1ca0
RBP=0x00000043c28fdae8 is pointing into the stack for thread: 0x000001f602ca1ca0
RSI=0x000001f600067628 points into unknown readable memory: 0x80000743146fc6ab | ab c6 6f 14 43 07 00 80
RDI=0x000001f602cf4300 points into unknown readable memory: 0x0000001800000070 | 70 00 00 00 18 00 00 00
R8 =0x0000000000000004 is an unknown value
R9 =0x0000000000000004 is an unknown value
R10=0x00007fffd6cb1a30 jvm.dll
R11={method} {0x000001f67b3eefe8} 'newInvokeSpecial' '(Ljava/lang/Object;)Ljava/lang/Object;' in 'java/lang/invoke/DirectMethodHandle$Holder'
R12=0x0 is null
R13=0x00000043c28fda98 is pointing into the stack for thread: 0x000001f602ca1ca0
R14=0x00000043c28fdb08 is pointing into the stack for thread: 0x000001f602ca1ca0
R15=0x000001f602ca1ca0 is a thread

Top of Stack: (sp=0x00000043c28fda98)
0x00000043c28fda98:   000001f672b79086 00000043c28fdaa0
0x00000043c28fdaa8:   000001f67b3eefcf 0000000000000004
0x00000043c28fdab8:   000001f67b3f2da8 0000000087853910
0x00000043c28fdac8:   0000000085429bf0 000001f67b3eefe0
0x00000043c28fdad8:   00000043c28fda98 00000043c28fdb10
0x00000043c28fdae8:   00000043c28feb68 000001f672ea195b
0x00000043c28fdaf8:   00000000888b6d60 00000000888b6e08
0x00000043c28fdb08:   00000000888b6dc0 00000000888b6b70
0x00000043c28fdb18:   0000000000000000 00000043c28feb68
0x00000043c28fdb28:   000001f6734a09f4 000001f6000221b0
0x00000043c28fdb38:   000000000000000a 0000000100bf5b38
0x00000043c28fdb48:   000001f602ca1ca0 000001f600022060
0x00000043c28fdb58:   000000000000002d 000001f600022060
0x00000043c28fdb68:   00007fffd688eeab 0000000000000001
0x00000043c28fdb78:   0000000000000000 0000000000000001
0x00000043c28fdb88:   00000000854297a0 0000000087853910
0x00000043c28fdb98:   00000000888b6a38 00000000888b6a38
0x00000043c28fdba8:   00000000888b6b70 00000000888b6df0
0x00000043c28fdbb8:   00000000888b6bc8 0000000087853910
0x00000043c28fdbc8:   0000000000000001 00000043c28feb68
0x00000043c28fdbd8:   000001f600000000 0000000000000000
0x00000043c28fdbe8:   0000000000000000 00000000888b6dc0
0x00000043c28fdbf8:   000001f672ea6ddc 0000000000000000
0x00000043c28fdc08:   0000000000000000 0000000000000000
0x00000043c28fdc18:   000001f602a78700 000001f602ca1ca0
0x00000043c28fdc28:   0000000000000000 00000000888b6b70
0x00000043c28fdc38:   0000000000000000 00000000888b6a38
0x00000043c28fdc48:   00000000888b6df0 00000000888b6b70
0x00000043c28fdc58:   0000000000000000 0000000087641e00
0x00000043c28fdc68:   000001f672ea0eb4 00000043c28feb68
0x00000043c28fdc78:   000001f672ea07ea 0000000000000000
0x00000043c28fdc88:   000001f672df2fa1 0000000000000000 

Instructions: (pc=0x000001f672bc8e2c)
0x000001f672bc8d2c:   8b 59 14 8b 5b 28 8b 5b 24 48 8b 5b 10 48 85 db
0x000001f672bc8d3c:   0f 84 10 00 00 00 41 80 bf e0 05 00 00 00 74 03
0x000001f672bc8d4c:   ff 63 38 ff 63 50 e9 29 6f fd ff 66 0f 1f 84 00
0x000001f672bc8d5c:   00 00 00 00 48 8b 53 08 0f b7 52 2e 48 8b 0c d4
0x000001f672bc8d6c:   58 5b 50 44 8b 51 08 49 c1 e2 03 4c 8b 5b 10 4b
0x000001f672bc8d7c:   8b 9c da c8 01 00 00 48 85 db 0f 84 10 00 00 00
0x000001f672bc8d8c:   41 80 bf e0 05 00 00 00 74 03 ff 63 38 ff 63 50
0x000001f672bc8d9c:   e9 df 6e fd ff 66 66 66 0f 1f 84 00 00 00 00 00
0x000001f672bc8dac:   66 66 66 90 66 66 66 0f 1f 84 00 00 00 00 00 66
0x000001f672bc8dbc:   66 66 90 90 58 5b 50 8b 5b 24 48 8b 5b 10 48 85
0x000001f672bc8dcc:   db 0f 84 10 00 00 00 41 80 bf e0 05 00 00 00 74
0x000001f672bc8ddc:   03 ff 63 38 ff 63 50 e9 98 6e fd ff 66 66 66 0f
0x000001f672bc8dec:   1f 84 00 00 00 00 00 66 66 66 90 66 0f 1f 84 00
0x000001f672bc8dfc:   00 00 00 00 48 8b 53 08 0f b7 52 2e 48 8b 0c d4
0x000001f672bc8e0c:   58 5b 50 48 3b 01 8b 5b 24 48 8b 5b 10 48 85 db
0x000001f672bc8e1c:   0f 84 10 00 00 00 41 80 bf e0 05 00 00 00 74 03
0x000001f672bc8e2c:   ff 63 38 ff 63 50 e9 49 6e fd ff 66 0f 1f 84 00
0x000001f672bc8e3c:   00 00 00 00 48 8b 53 08 0f b7 52 2e 48 8b 0c d4
0x000001f672bc8e4c:   58 5b 50 44 8b 51 08 49 c1 e2 03 8b 43 18 48 8b
0x000001f672bc8e5c:   40 10 48 8b 5b 10 45 8b 9a a0 00 00 00 4f 8d 9c
0x000001f672bc8e6c:   da c8 01 00 00 4d 8d 14 da 49 8b 1b 48 3b c3 74
0x000001f672bc8e7c:   15 48 85 db 0f 84 32 00 00 00 49 83 c3 10 49 8b
0x000001f672bc8e8c:   1b 48 3b c3 75 eb 45 8b 5b 08 4b 8b 1c 1a 48 85
0x000001f672bc8e9c:   db 0f 84 10 00 00 00 41 80 bf e0 05 00 00 00 74
0x000001f672bc8eac:   03 ff 63 38 ff 63 50 e9 c8 6d fd ff e9 c3 6a fd
0x000001f672bc8ebc:   ff f4 00 00 00 00 00 00 00 00 00 00 00 00 00 00
0x000001f672bc8ecc:   00 00 00 00 00 00 00 00 00 00 00 00 00 00 00 00
0x000001f672bc8edc:   00 00 00 00 00 00 00 00 00 00 00 00 00 00 00 00
0x000001f672bc8eec:   00 00 00 00 00 00 00 00 00 00 00 00 00 00 00 00
0x000001f672bc8efc:   00 00 00 00 00 00 00 00 00 00 00 00 00 00 00 00
0x000001f672bc8f0c:   00 00 00 00 00 00 00 00 00 00 00 00 00 00 00 00
0x000001f672bc8f1c:   00 00 00 00 00 00 00 00 00 00 00 00 00 00 00 00 


Stack slot to memory mapping:

stack at sp + 0 slots: 0x000001f672b79086 is at code_begin+3078 in an Interpreter codelet
return entry points  [0x000001f672b78480, 0x000001f672b7a298]  7704 bytes
stack at sp + 1 slots: 0x00000043c28fdaa0 is pointing into the stack for thread: 0x000001f602ca1ca0
stack at sp + 2 slots: 0x000001f67b3eefcf is pointing into metadata
stack at sp + 3 slots: 0x0000000000000004 is an unknown value
stack at sp + 4 slots: 0x000001f67b3f2da8 is pointing into metadata
stack at sp + 5 slots: 0x0000000087853910 is an oop: java.lang.Class 
{0x0000000087853910} - klass: 'java/lang/Class'
 - ---- fields (total size 14 words):
 - private volatile transient 'classRedefinedCount' 'I' @12  1 (0x00000001)
 - injected 'klass' 'J' @16  4307338240 (0x0000000100bcc400)
 - injected 'array_klass' 'J' @24  0 (0x0000000000000000)
 - injected 'oop_size' 'I' @32  14 (0x0000000e)
 - injected 'static_oop_field_count' 'I' @36  0 (0x00000000)
 - private volatile transient 'cachedConstructor' 'Ljava/lang/reflect/Constructor;' @40  null (0x00000000)
 - private transient 'name' 'Ljava/lang/String;' @44  "pack.controller.MainController"{0x000000008670f370} (0x8670f370)
 - private transient 'module' 'Ljava/lang/Module;' @48  a 'java/lang/Module'{0x0000000087914fd8} (0x87914fd8)
 - private final 'classLoader' 'Ljava/lang/ClassLoader;' @52  a 'org/springframework/boot/devtools/restart/classloader/RestartClassLoader'{0x000000008790a2c8} (0x8790a2c8)
 - private transient 'classData' 'Ljava/lang/Object;' @56  null (0x00000000)
 - private transient 'packageName' 'Ljava/lang/String;' @60  "pack.controller"{0x000000008670f3b8} (0x8670f3b8)
 - private final 'componentType' 'Ljava/lang/Class;' @64  null (0x00000000)
 - private volatile transient 'reflectionData' 'Ljava/lang/ref/SoftReference;' @68  a 'java/lang/ref/SoftReference'{0x0000000087853980} (0x87853980)
 - private volatile transient 'genericInfo' 'Lsun/reflect/generics/repository/ClassRepository;' @72  null (0x00000000)
 - private volatile transient 'enumConstants' '[Ljava/lang/Object;' @76  null (0x00000000)
 - private volatile transient 'enumConstantDirectory' 'Ljava/util/Map;' @80  null (0x00000000)
 - private volatile transient 'annotationData' 'Ljava/lang/Class$AnnotationData;' @84  a 'java/lang/Class$AnnotationData'{0x00000000878539f8} (0x878539f8)
 - private volatile transient 'annotationType' 'Lsun/reflect/annotation/AnnotationType;' @88  null (0x00000000)
 - transient 'classValueMap' 'Ljava/lang/ClassValue$ClassValueMap;' @92  null (0x00000000)
 - injected 'protection_domain' 'Ljava/lang/Object;' @96  a 'java/security/ProtectionDomain'{0x0000000087915010} (0x87915010)
 - injected 'signers_name' 'Ljava/lang/Object;' @100  null (0x00000000)
 - injected 'source_file' 'Ljava/lang/Object;' @104  null (0x00000000)
 - signature: Lpack/controller/MainController;
 - ---- static fields (0):
stack at sp + 6 slots: 0x0000000085429bf0 is an oop: java.lang.Class 
{0x0000000085429bf0} - klass: 'java/lang/Class'
 - ---- fields (total size 14 words):
 - private volatile transient 'classRedefinedCount' 'I' @12  0 (0x00000000)
 - injected 'klass' 'J' @16  4295178984 (0x0000000100033ae8)
 - injected 'array_klass' 'J' @24  0 (0x0000000000000000)
 - injected 'oop_size' 'I' @32  14 (0x0000000e)
 - injected 'static_oop_field_count' 'I' @36  0 (0x00000000)
 - private volatile transient 'cachedConstructor' 'Ljava/lang/reflect/Constructor;' @40  null (0x00000000)
 - private transient 'name' 'Ljava/lang/String;' @44  null (0x00000000)
 - private transient 'module' 'Ljava/lang/Module;' @48  a 'java/lang/Module'{0x0000000085433b58} (0x85433b58)
 - private final 'classLoader' 'Ljava/lang/ClassLoader;' @52  null (0x00000000)
 - private transient 'classData' 'Ljava/lang/Object;' @56  null (0x00000000)
 - private transient 'packageName' 'Ljava/lang/String;' @60  null (0x00000000)
 - private final 'componentType' 'Ljava/lang/Class;' @64  null (0x00000000)
 - private volatile transient 'reflectionData' 'Ljava/lang/ref/SoftReference;' @68  null (0x00000000)
 - private volatile transient 'genericInfo' 'Lsun/reflect/generics/repository/ClassRepository;' @72  null (0x00000000)
 - private volatile transient 'enumConstants' '[Ljava/lang/Object;' @76  null (0x00000000)
 - private volatile transient 'enumConstantDirectory' 'Ljava/util/Map;' @80  null (0x00000000)
 - private volatile transient 'annotationData' 'Ljava/lang/Class$AnnotationData;' @84  null (0x00000000)
 - private volatile transient 'annotationType' 'Lsun/reflect/annotation/AnnotationType;' @88  null (0x00000000)
 - transient 'classValueMap' 'Ljava/lang/ClassValue$ClassValueMap;' @92  null (0x00000000)
 - injected 'protection_domain' 'Ljava/lang/Object;' @96  null (0x00000000)
 - injected 'signers_name' 'Ljava/lang/Object;' @100  null (0x00000000)
 - injected 'source_file' 'Ljava/lang/Object;' @104  null (0x00000000)
 - signature: Ljava/lang/invoke/DirectMethodHandle$Holder;
 - ---- static fields (0):
stack at sp + 7 slots: {method} {0x000001f67b3eefe8} 'newInvokeSpecial' '(Ljava/lang/Object;)Ljava/lang/Object;' in 'java/lang/invoke/DirectMethodHandle$Holder'

MethodHandle::interpreter_entry::_linkToSpecial [0x000001f672bc8de8, 0x000001f672bc8e37] (79 bytes)
[MachCode]
  0x000001f672bc8de8: 6666 660f | 1f84 0000 | 0000 0066 | 6666 9066 | 0f1f 8400 | 0000 0000 | 488b 5308 | 0fb7 522e 
  0x000001f672bc8e08: 488b 0cd4 | 585b 5048 | 3b01 8b5b | 2448 8b5b | 1048 85db | 0f84 1000 | 0000 4180 | bfe0 0500 
  0x000001f672bc8e28: 0000 7403 | ff63 38ff | 6350 e949 | 
[/MachCode]

---------------  P R O C E S S  ---------------

Threads class SMR info:
_java_thread_list=0x000001f601424380, length=26, elements={
0x000001f67f06e5a0, 0x000001f67f0e2a00, 0x000001f67f0f0030, 0x000001f67f0f0ce0,
0x000001f67f0e3d10, 0x000001f67f0b6560, 0x000001f67f0b6fc0, 0x000001f67f0bead0,
0x000001f67f321150, 0x000001f67f347950, 0x000001f67f348fe0, 0x000001f67fbb1170,
0x000001f67fdb2fc0, 0x000001f67fe0db60, 0x000001f67fe8f840, 0x000001f6004e98c0,
0x000001f6004f2f00, 0x000001f602ca36e0, 0x000001f602cc7230, 0x000001f602cc6510,
0x000001f602ca2330, 0x000001f602ca1ca0, 0x000001f602ca4a90, 0x000001f602ca1610,
0x000001f602ca29c0, 0x000001f602ca4400
}

Java Threads: ( => current thread )
  0x000001f67f06e5a0 JavaThread "Reference Handler"          daemon [_thread_blocked, id=18508, stack(0x00000043c2000000,0x00000043c2100000) (1024K)]
  0x000001f67f0e2a00 JavaThread "Finalizer"                  daemon [_thread_blocked, id=16508, stack(0x00000043c2100000,0x00000043c2200000) (1024K)]
  0x000001f67f0f0030 JavaThread "Signal Dispatcher"          daemon [_thread_blocked, id=2932, stack(0x00000043c2200000,0x00000043c2300000) (1024K)]
  0x000001f67f0f0ce0 JavaThread "Attach Listener"            daemon [_thread_blocked, id=6956, stack(0x00000043c2300000,0x00000043c2400000) (1024K)]
  0x000001f67f0e3d10 JavaThread "Service Thread"             daemon [_thread_blocked, id=20276, stack(0x00000043c2400000,0x00000043c2500000) (1024K)]
  0x000001f67f0b6560 JavaThread "Monitor Deflation Thread"   daemon [_thread_blocked, id=20428, stack(0x00000043c2500000,0x00000043c2600000) (1024K)]
  0x000001f67f0b6fc0 JavaThread "C1 CompilerThread0"         daemon [_thread_blocked, id=26184, stack(0x00000043c2600000,0x00000043c2700000) (1024K)]
  0x000001f67f0bead0 JavaThread "Common-Cleaner"             daemon [_thread_blocked, id=26076, stack(0x00000043c2700000,0x00000043c2800000) (1024K)]
  0x000001f67f321150 JavaThread "JDWP Transport Listener: dt_socket" daemon [_thread_blocked, id=6036, stack(0x00000043c2900000,0x00000043c2a00000) (1024K)]
  0x000001f67f347950 JavaThread "JDWP Event Helper Thread"   daemon [_thread_blocked, id=26444, stack(0x00000043c2a00000,0x00000043c2b00000) (1024K)]
  0x000001f67f348fe0 JavaThread "JDWP Command Reader"        daemon [_thread_in_native, id=20096, stack(0x00000043c2b00000,0x00000043c2c00000) (1024K)]
  0x000001f67fbb1170 JavaThread "Notification Thread"        daemon [_thread_blocked, id=27560, stack(0x00000043c2c00000,0x00000043c2d00000) (1024K)]
  0x000001f67fdb2fc0 JavaThread "RMI TCP Accept-0"           daemon [_thread_in_native, id=15676, stack(0x00000043c2e00000,0x00000043c2f00000) (1024K)]
  0x000001f67fe0db60 JavaThread "RMI TCP Accept-50550"       daemon [_thread_in_native, id=13656, stack(0x00000043c2f00000,0x00000043c3000000) (1024K)]
  0x000001f67fe8f840 JavaThread "RMI TCP Accept-0"           daemon [_thread_in_native, id=9600, stack(0x00000043c3700000,0x00000043c3800000) (1024K)]
  0x000001f6004e98c0 JavaThread "RMI Scheduler(0)"           daemon [_thread_blocked, id=6268, stack(0x00000043c3b00000,0x00000043c3c00000) (1024K)]
  0x000001f6004f2f00 JavaThread "RMI TCP Connection(200)-127.0.0.1" daemon [_thread_in_native, id=8516, stack(0x00000043c3c00000,0x00000043c3d00000) (1024K)]
  0x000001f602ca36e0 JavaThread "Live Reload Server"         daemon [_thread_in_native, id=8108, stack(0x00000043c4700000,0x00000043c4800000) (1024K)]
  0x000001f602cc7230 JavaThread "DestroyJavaVM"                     [_thread_blocked, id=15896, stack(0x00000043c1800000,0x00000043c1900000) (1024K)]
  0x000001f602cc6510 JavaThread "JMX server connection timeout 110" daemon [_thread_blocked, id=30500, stack(0x00000043c1600000,0x00000043c1700000) (1024K)]
  0x000001f602ca2330 JavaThread "Thread-7"                          [_thread_blocked, id=19544, stack(0x00000043c1500000,0x00000043c1600000) (1024K)]
=>0x000001f602ca1ca0 JavaThread "restartedMain"                     [_thread_in_Java, id=21808, stack(0x00000043c2800000,0x00000043c2900000) (1024K)]
  0x000001f602ca4a90 JavaThread "Catalina-utility-1"                [_thread_blocked, id=504, stack(0x00000043c3800000,0x00000043c3900000) (1024K)]
  0x000001f602ca1610 JavaThread "Catalina-utility-2"                [_thread_blocked, id=26592, stack(0x00000043c3900000,0x00000043c3a00000) (1024K)]
  0x000001f602ca29c0 JavaThread "container-0"                       [_thread_blocked, id=16124, stack(0x00000043c3a00000,0x00000043c3b00000) (1024K)]
  0x000001f602ca4400 JavaThread "HikariPool-3 housekeeper"   daemon [_thread_blocked, id=27824, stack(0x00000043c3d00000,0x00000043c3e00000) (1024K)]
Total: 26

Other Threads:
  0x000001f67a798fb0 VMThread "VM Thread"                           [id=27664, stack(0x00000043c1f00000,0x00000043c2000000) (1024K)] _threads_hazard_ptr=0x000001f601424380
  0x000001f67a73ff00 WatcherThread "VM Periodic Task Thread"        [id=29564, stack(0x00000043c1e00000,0x00000043c1f00000) (1024K)]
  0x000001f66f0d8370 WorkerThread "GC Thread#0"                     [id=18648, stack(0x00000043c1900000,0x00000043c1a00000) (1024K)]
  0x000001f67fe92160 WorkerThread "GC Thread#1"                     [id=29084, stack(0x00000043c3000000,0x00000043c3100000) (1024K)]
  0x000001f67fe8fee0 WorkerThread "GC Thread#2"                     [id=27024, stack(0x00000043c3100000,0x00000043c3200000) (1024K)]
  0x000001f67fe90280 WorkerThread "GC Thread#3"                     [id=21788, stack(0x00000043c3200000,0x00000043c3300000) (1024K)]
  0x000001f67fead8e0 WorkerThread "GC Thread#4"                     [id=21376, stack(0x00000043c3300000,0x00000043c3400000) (1024K)]
  0x000001f67feb5c90 WorkerThread "GC Thread#5"                     [id=9512, stack(0x00000043c3400000,0x00000043c3500000) (1024K)]
  0x000001f67feb6030 WorkerThread "GC Thread#6"                     [id=28540, stack(0x00000043c3500000,0x00000043c3600000) (1024K)]
  0x000001f67feba3e0 WorkerThread "GC Thread#7"                     [id=13392, stack(0x00000043c3600000,0x00000043c3700000) (1024K)]
  0x000001f66f0e97b0 ConcurrentGCThread "G1 Main Marker"            [id=15800, stack(0x00000043c1a00000,0x00000043c1b00000) (1024K)]
  0x000001f66f0ea1b0 WorkerThread "G1 Conc#0"                       [id=15556, stack(0x00000043c1b00000,0x00000043c1c00000) (1024K)]
  0x000001f6004e57d0 WorkerThread "G1 Conc#1"                       [id=15928, stack(0x00000043c3e00000,0x00000043c3f00000) (1024K)]
  0x000001f67a615fe0 ConcurrentGCThread "G1 Refine#0"               [id=22940, stack(0x00000043c1c00000,0x00000043c1d00000) (1024K)]
  0x000001f67a616a50 ConcurrentGCThread "G1 Service"                [id=17704, stack(0x00000043c1d00000,0x00000043c1e00000) (1024K)]
Total: 15

Threads with active compile tasks:
Total: 0

VM state: synchronizing (normal execution)

VM Mutex/Monitor currently owned by a thread:  ([mutex/lock_event])
[0x00007fffd6ca2128] Threads_lock - owner thread: 0x000001f67a798fb0

Heap address: 0x0000000085000000, size: 1968 MB, Compressed Oops mode: 32-bit

CDS archive(s) not mapped
Compressed class space mapped at: 0x0000000100000000-0x0000000140000000, reserved size: 1073741824
Narrow klass base: 0x0000000000000000, Narrow klass shift: 3, Narrow klass range: 0x140000000

GC Precious Log:
 CardTable entry size: 512
 Card Set container configuration: InlinePtr #cards 5 size 8 Array Of Cards #cards 12 size 40 Howl #buckets 4 coarsen threshold 1843 Howl Bitmap #cards 512 size 80 coarsen threshold 460 Card regions per heap region 1 cards per card region 2048
 CPUs: 8 total, 8 available
 Memory: 7865M
 Large Page Support: Disabled
 NUMA Support: Disabled
 Compressed Oops: Enabled (32-bit)
 Heap Region Size: 1M
 Heap Min Capacity: 8M
 Heap Initial Capacity: 124M
 Heap Max Capacity: 1968M
 Pre-touch: Disabled
 Parallel Workers: 8
 Concurrent Workers: 2
 Concurrent Refinement Workers: 8
 Periodic GC: Disabled

Heap:
 garbage-first heap   total 96256K, used 71182K [0x0000000085000000, 0x0000000100000000)
  region size 1024K, 44 young (45056K), 5 survivors (5120K)
 Metaspace       used 87379K, committed 88128K, reserved 1179648K
  class space    used 11807K, committed 12160K, reserved 1048576K

Heap Regions: E=young(eden), S=young(survivor), O=old, HS=humongous(starts), HC=humongous(continues), CS=collection set, F=free, TAMS=top-at-mark-start, PB=parsable bottom
|   0|0x0000000085000000, 0x0000000085100000, 0x0000000085100000|100%|HS|  |TAMS 0x0000000085000000| PB 0x0000000085000000| Complete 
|   1|0x0000000085100000, 0x00000000851fffb8, 0x0000000085200000| 99%| O|  |TAMS 0x0000000085100000| PB 0x0000000085100000| Untracked 
|   2|0x0000000085200000, 0x0000000085300000, 0x0000000085300000|100%| O|  |TAMS 0x0000000085200000| PB 0x0000000085200000| Untracked 
|   3|0x0000000085300000, 0x0000000085400000, 0x0000000085400000|100%| O|  |TAMS 0x0000000085300000| PB 0x0000000085300000| Untracked 
|   4|0x0000000085400000, 0x00000000854fff90, 0x0000000085500000| 99%| O|  |TAMS 0x0000000085400000| PB 0x0000000085400000| Untracked 
|   5|0x0000000085500000, 0x0000000085600000, 0x0000000085600000|100%| O|  |TAMS 0x0000000085500000| PB 0x0000000085500000| Untracked 
|   6|0x0000000085600000, 0x00000000856ffcf8, 0x0000000085700000| 99%| O|  |TAMS 0x0000000085600000| PB 0x0000000085600000| Untracked 
|   7|0x0000000085700000, 0x00000000857ffff8, 0x0000000085800000| 99%| O|  |TAMS 0x0000000085700000| PB 0x0000000085700000| Untracked 
|   8|0x0000000085800000, 0x00000000858fffc8, 0x0000000085900000| 99%| O|  |TAMS 0x0000000085800000| PB 0x0000000085800000| Untracked 
|   9|0x0000000085900000, 0x0000000085a00000, 0x0000000085a00000|100%| O|  |TAMS 0x0000000085900000| PB 0x0000000085900000| Untracked 
|  10|0x0000000085a00000, 0x0000000085affff0, 0x0000000085b00000| 99%| O|  |TAMS 0x0000000085a00000| PB 0x0000000085a00000| Untracked 
|  11|0x0000000085b00000, 0x0000000085c00000, 0x0000000085c00000|100%| O|  |TAMS 0x0000000085b00000| PB 0x0000000085b00000| Untracked 
|  12|0x0000000085c00000, 0x0000000085ce9e90, 0x0000000085d00000| 91%| O|  |TAMS 0x0000000085c00000| PB 0x0000000085c00000| Untracked 
|  13|0x0000000085d00000, 0x0000000085dfffb0, 0x0000000085e00000| 99%| O|  |TAMS 0x0000000085d00000| PB 0x0000000085d00000| Untracked 
|  14|0x0000000085e00000, 0x0000000085f00000, 0x0000000085f00000|100%| O|  |TAMS 0x0000000085e00000| PB 0x0000000085e00000| Untracked 
|  15|0x0000000085f00000, 0x0000000085ffffd8, 0x0000000086000000| 99%| O|  |TAMS 0x0000000085f00000| PB 0x0000000085f00000| Untracked 
|  16|0x0000000086000000, 0x0000000086100000, 0x0000000086100000|100%| O|  |TAMS 0x0000000086000000| PB 0x0000000086000000| Untracked 
|  17|0x0000000086100000, 0x0000000086200000, 0x0000000086200000|100%| O|  |TAMS 0x0000000086100000| PB 0x0000000086100000| Untracked 
|  18|0x0000000086200000, 0x0000000086300000, 0x0000000086300000|100%| O|  |TAMS 0x0000000086200000| PB 0x0000000086200000| Untracked 
|  19|0x0000000086300000, 0x00000000863fffb0, 0x0000000086400000| 99%| O|  |TAMS 0x0000000086300000| PB 0x0000000086300000| Untracked 
|  20|0x0000000086400000, 0x00000000864ffff0, 0x0000000086500000| 99%| O|  |TAMS 0x0000000086400000| PB 0x0000000086400000| Untracked 
|  21|0x0000000086500000, 0x00000000865ffff8, 0x0000000086600000| 99%| O|  |TAMS 0x0000000086500000| PB 0x0000000086500000| Untracked 
|  22|0x0000000086600000, 0x00000000866fffc0, 0x0000000086700000| 99%| O|  |TAMS 0x0000000086600000| PB 0x0000000086600000| Untracked 
|  23|0x0000000086700000, 0x0000000086800000, 0x0000000086800000|100%| O|  |TAMS 0x0000000086700000| PB 0x0000000086700000| Untracked 
|  24|0x0000000086800000, 0x00000000868fffc8, 0x0000000086900000| 99%| O|  |TAMS 0x0000000086800000| PB 0x0000000086800000| Untracked 
|  25|0x0000000086900000, 0x00000000869e0588, 0x0000000086a00000| 87%| O|  |TAMS 0x0000000086900000| PB 0x0000000086900000| Untracked 
|  26|0x0000000086a00000, 0x0000000086a10a50, 0x0000000086b00000|  6%| O|  |TAMS 0x0000000086a00000| PB 0x0000000086a00000| Untracked 
|  27|0x0000000086b00000, 0x0000000086b34270, 0x0000000086c00000| 20%| O|  |TAMS 0x0000000086b00000| PB 0x0000000086b00000| Untracked 
|  28|0x0000000086c00000, 0x0000000086cfffd0, 0x0000000086d00000| 99%| O|  |TAMS 0x0000000086c00000| PB 0x0000000086c00000| Untracked 
|  29|0x0000000086d00000, 0x0000000086d064e8, 0x0000000086e00000|  2%| O|Cm|TAMS 0x0000000086d00000| PB 0x0000000086d00000| Complete 
|  30|0x0000000086e00000, 0x0000000086e00000, 0x0000000086f00000|  0%| F|  |TAMS 0x0000000086e00000| PB 0x0000000086e00000| Untracked 
|  31|0x0000000086f00000, 0x0000000086f00000, 0x0000000087000000|  0%| F|  |TAMS 0x0000000086f00000| PB 0x0000000086f00000| Untracked 
|  32|0x0000000087000000, 0x0000000087000000, 0x0000000087100000|  0%| F|  |TAMS 0x0000000087000000| PB 0x0000000087000000| Untracked 
|  33|0x0000000087100000, 0x0000000087109490, 0x0000000087200000|  3%| O|  |TAMS 0x0000000087100000| PB 0x0000000087100000| Untracked 
|  34|0x0000000087200000, 0x0000000087200000, 0x0000000087300000|  0%| F|  |TAMS 0x0000000087200000| PB 0x0000000087200000| Untracked 
|  35|0x0000000087300000, 0x0000000087300000, 0x0000000087400000|  0%| F|  |TAMS 0x0000000087300000| PB 0x0000000087300000| Untracked 
|  36|0x0000000087400000, 0x0000000087400000, 0x0000000087500000|  0%| F|  |TAMS 0x0000000087400000| PB 0x0000000087400000| Untracked 
|  37|0x0000000087500000, 0x00000000875656d0, 0x0000000087600000| 39%| S|CS|TAMS 0x0000000087500000| PB 0x0000000087500000| Complete 
|  38|0x0000000087600000, 0x0000000087700000, 0x0000000087700000|100%| S|CS|TAMS 0x0000000087600000| PB 0x0000000087600000| Complete 
|  39|0x0000000087700000, 0x0000000087800000, 0x0000000087800000|100%| S|CS|TAMS 0x0000000087700000| PB 0x0000000087700000| Complete 
|  40|0x0000000087800000, 0x0000000087900000, 0x0000000087900000|100%| S|CS|TAMS 0x0000000087800000| PB 0x0000000087800000| Complete 
|  41|0x0000000087900000, 0x0000000087a00000, 0x0000000087a00000|100%| S|CS|TAMS 0x0000000087900000| PB 0x0000000087900000| Complete 
|  42|0x0000000087a00000, 0x0000000087a00000, 0x0000000087b00000|  0%| F|  |TAMS 0x0000000087a00000| PB 0x0000000087a00000| Untracked 
|  43|0x0000000087b00000, 0x0000000087b00000, 0x0000000087c00000|  0%| F|  |TAMS 0x0000000087b00000| PB 0x0000000087b00000| Untracked 
|  44|0x0000000087c00000, 0x0000000087c00000, 0x0000000087d00000|  0%| F|  |TAMS 0x0000000087c00000| PB 0x0000000087c00000| Untracked 
|  45|0x0000000087d00000, 0x0000000087d00000, 0x0000000087e00000|  0%| F|  |TAMS 0x0000000087d00000| PB 0x0000000087d00000| Untracked 
|  46|0x0000000087e00000, 0x0000000087e00000, 0x0000000087f00000|  0%| F|  |TAMS 0x0000000087e00000| PB 0x0000000087e00000| Untracked 
|  47|0x0000000087f00000, 0x0000000087f00000, 0x0000000088000000|  0%| F|  |TAMS 0x0000000087f00000| PB 0x0000000087f00000| Untracked 
|  48|0x0000000088000000, 0x0000000088000000, 0x0000000088100000|  0%| F|  |TAMS 0x0000000088000000| PB 0x0000000088000000| Untracked 
|  49|0x0000000088100000, 0x0000000088100000, 0x0000000088200000|  0%| F|  |TAMS 0x0000000088100000| PB 0x0000000088100000| Untracked 
|  50|0x0000000088200000, 0x0000000088200000, 0x0000000088300000|  0%| F|  |TAMS 0x0000000088200000| PB 0x0000000088200000| Untracked 
|  51|0x0000000088300000, 0x0000000088300000, 0x0000000088400000|  0%| F|  |TAMS 0x0000000088300000| PB 0x0000000088300000| Untracked 
|  52|0x0000000088400000, 0x0000000088400000, 0x0000000088500000|  0%| F|  |TAMS 0x0000000088400000| PB 0x0000000088400000| Untracked 
|  53|0x0000000088500000, 0x0000000088500000, 0x0000000088600000|  0%| F|  |TAMS 0x0000000088500000| PB 0x0000000088500000| Untracked 
|  54|0x0000000088600000, 0x0000000088600000, 0x0000000088700000|  0%| F|  |TAMS 0x0000000088600000| PB 0x0000000088600000| Untracked 
|  55|0x0000000088700000, 0x0000000088771198, 0x0000000088800000| 44%| E|  |TAMS 0x0000000088700000| PB 0x0000000088700000| Complete 
|  56|0x0000000088800000, 0x0000000088900000, 0x0000000088900000|100%| E|CS|TAMS 0x0000000088800000| PB 0x0000000088800000| Complete 
|  57|0x0000000088900000, 0x0000000088a00000, 0x0000000088a00000|100%| E|CS|TAMS 0x0000000088900000| PB 0x0000000088900000| Complete 
|  58|0x0000000088a00000, 0x0000000088b00000, 0x0000000088b00000|100%| E|CS|TAMS 0x0000000088a00000| PB 0x0000000088a00000| Complete 
|  59|0x0000000088b00000, 0x0000000088c00000, 0x0000000088c00000|100%| E|CS|TAMS 0x0000000088b00000| PB 0x0000000088b00000| Complete 
|  60|0x0000000088c00000, 0x0000000088d00000, 0x0000000088d00000|100%| E|CS|TAMS 0x0000000088c00000| PB 0x0000000088c00000| Complete 
|  61|0x0000000088d00000, 0x0000000088e00000, 0x0000000088e00000|100%| E|CS|TAMS 0x0000000088d00000| PB 0x0000000088d00000| Complete 
|  62|0x0000000088e00000, 0x0000000088f00000, 0x0000000088f00000|100%| E|CS|TAMS 0x0000000088e00000| PB 0x0000000088e00000| Complete 
|  63|0x0000000088f00000, 0x0000000089000000, 0x0000000089000000|100%| E|CS|TAMS 0x0000000088f00000| PB 0x0000000088f00000| Complete 
|  64|0x0000000089000000, 0x0000000089100000, 0x0000000089100000|100%| E|CS|TAMS 0x0000000089000000| PB 0x0000000089000000| Complete 
|  65|0x0000000089100000, 0x0000000089200000, 0x0000000089200000|100%| E|CS|TAMS 0x0000000089100000| PB 0x0000000089100000| Complete 
|  66|0x0000000089200000, 0x0000000089300000, 0x0000000089300000|100%| E|CS|TAMS 0x0000000089200000| PB 0x0000000089200000| Complete 
|  67|0x0000000089300000, 0x0000000089400000, 0x0000000089400000|100%| E|CS|TAMS 0x0000000089300000| PB 0x0000000089300000| Complete 
|  68|0x0000000089400000, 0x0000000089500000, 0x0000000089500000|100%| E|CS|TAMS 0x0000000089400000| PB 0x0000000089400000| Complete 
|  69|0x0000000089500000, 0x0000000089600000, 0x0000000089600000|100%| E|CS|TAMS 0x0000000089500000| PB 0x0000000089500000| Complete 
|  70|0x0000000089600000, 0x0000000089700000, 0x0000000089700000|100%| E|CS|TAMS 0x0000000089600000| PB 0x0000000089600000| Complete 
|  71|0x0000000089700000, 0x0000000089800000, 0x0000000089800000|100%| E|CS|TAMS 0x0000000089700000| PB 0x0000000089700000| Complete 
|  72|0x0000000089800000, 0x0000000089900000, 0x0000000089900000|100%| E|CS|TAMS 0x0000000089800000| PB 0x0000000089800000| Complete 
|  73|0x0000000089900000, 0x0000000089a00000, 0x0000000089a00000|100%| E|CS|TAMS 0x0000000089900000| PB 0x0000000089900000| Complete 
|  74|0x0000000089a00000, 0x0000000089b00000, 0x0000000089b00000|100%| E|CS|TAMS 0x0000000089a00000| PB 0x0000000089a00000| Complete 
|  75|0x0000000089b00000, 0x0000000089c00000, 0x0000000089c00000|100%| E|CS|TAMS 0x0000000089b00000| PB 0x0000000089b00000| Complete 
|  76|0x0000000089c00000, 0x0000000089d00000, 0x0000000089d00000|100%| E|CS|TAMS 0x0000000089c00000| PB 0x0000000089c00000| Complete 
|  77|0x0000000089d00000, 0x0000000089e00000, 0x0000000089e00000|100%| E|CS|TAMS 0x0000000089d00000| PB 0x0000000089d00000| Complete 
|  78|0x0000000089e00000, 0x0000000089f00000, 0x0000000089f00000|100%| E|CS|TAMS 0x0000000089e00000| PB 0x0000000089e00000| Complete 
|  79|0x0000000089f00000, 0x000000008a000000, 0x000000008a000000|100%| E|CS|TAMS 0x0000000089f00000| PB 0x0000000089f00000| Complete 
|  80|0x000000008a000000, 0x000000008a100000, 0x000000008a100000|100%| E|CS|TAMS 0x000000008a000000| PB 0x000000008a000000| Complete 
|  81|0x000000008a100000, 0x000000008a200000, 0x000000008a200000|100%| E|CS|TAMS 0x000000008a100000| PB 0x000000008a100000| Complete 
|  82|0x000000008a200000, 0x000000008a300000, 0x000000008a300000|100%| E|CS|TAMS 0x000000008a200000| PB 0x000000008a200000| Complete 
|  83|0x000000008a300000, 0x000000008a400000, 0x000000008a400000|100%| E|CS|TAMS 0x000000008a300000| PB 0x000000008a300000| Complete 
|  84|0x000000008a400000, 0x000000008a500000, 0x000000008a500000|100%| E|CS|TAMS 0x000000008a400000| PB 0x000000008a400000| Complete 
|  85|0x000000008a500000, 0x000000008a600000, 0x000000008a600000|100%| E|CS|TAMS 0x000000008a500000| PB 0x000000008a500000| Complete 
|  86|0x000000008a600000, 0x000000008a700000, 0x000000008a700000|100%| E|CS|TAMS 0x000000008a600000| PB 0x000000008a600000| Complete 
|  87|0x000000008a700000, 0x000000008a800000, 0x000000008a800000|100%| E|CS|TAMS 0x000000008a700000| PB 0x000000008a700000| Complete 
|  88|0x000000008a800000, 0x000000008a900000, 0x000000008a900000|100%| E|CS|TAMS 0x000000008a800000| PB 0x000000008a800000| Complete 
|  89|0x000000008a900000, 0x000000008aa00000, 0x000000008aa00000|100%| E|CS|TAMS 0x000000008a900000| PB 0x000000008a900000| Complete 
|  90|0x000000008aa00000, 0x000000008ab00000, 0x000000008ab00000|100%| E|CS|TAMS 0x000000008aa00000| PB 0x000000008aa00000| Complete 
|  91|0x000000008ab00000, 0x000000008ac00000, 0x000000008ac00000|100%| E|CS|TAMS 0x000000008ab00000| PB 0x000000008ab00000| Complete 
|  92|0x000000008ac00000, 0x000000008ad00000, 0x000000008ad00000|100%| E|CS|TAMS 0x000000008ac00000| PB 0x000000008ac00000| Complete 
|  93|0x000000008ad00000, 0x000000008ae00000, 0x000000008ae00000|100%| E|CS|TAMS 0x000000008ad00000| PB 0x000000008ad00000| Complete 

Card table byte_map: [0x000001f676060000,0x000001f676440000] _byte_map_base: 0x000001f675c38000

Marking Bits: (CMBitMap*) 0x000001f66f0d8970
 Bits: [0x000001f676440000, 0x000001f678300000)

Polling page: 0x000001f66d010000

Metaspace:

Usage:
  Non-class:     73.80 MB used.
      Class:     11.53 MB used.
       Both:     85.33 MB used.

Virtual space:
  Non-class space:      128.00 MB reserved,      74.19 MB ( 58%) committed,  2 nodes.
      Class space:        1.00 GB reserved,      11.88 MB (  1%) committed,  1 nodes.
             Both:        1.12 GB reserved,      86.06 MB (  7%) committed. 

Chunk freelists:
   Non-Class:  5.72 MB
       Class:  4.04 MB
        Both:  9.76 MB

MaxMetaspaceSize: unlimited
CompressedClassSpaceSize: 1.00 GB
Initial GC threshold: 21.00 MB
Current GC threshold: 142.62 MB
CDS: off
 - commit_granule_bytes: 65536.
 - commit_granule_words: 8192.
 - virtual_space_node_default_size: 8388608.
 - enlarge_chunks_in_place: 1.
 - use_allocation_guard: 0.


Internal statistics:

num_allocs_failed_limit: 9.
num_arena_births: 1658.
num_arena_deaths: 752.
num_vsnodes_births: 3.
num_vsnodes_deaths: 0.
num_space_committed: 1377.
num_space_uncommitted: 0.
num_chunks_returned_to_freelist: 944.
num_chunks_taken_from_freelist: 5064.
num_chunk_merges: 200.
num_chunk_splits: 3118.
num_chunks_enlarged: 2289.
num_inconsistent_stats: 0.

CodeCache: size=49152Kb used=17552Kb max_used=19742Kb free=31600Kb
 bounds [0x000001f672b70000, 0x000001f673f50000, 0x000001f675b70000]
 total_blobs=10089 nmethods=9357 adapters=655
 compilation: enabled
              stopped_count=0, restarted_count=0
 full_count=0

Compilation events (20 events):
Event: 42040.947 Thread 0x000001f600127c20 18145       1       jdk.internal.reflect.ClassFileAssembler::getStack (5 bytes)
Event: 42040.947 Thread 0x000001f600127c20 nmethod 18145 0x000001f67312e590 code [0x000001f67312e720, 0x000001f67312e7e8]
Event: 42040.949 Thread 0x000001f60012abd0 18146       1       java.lang.Class::forName (10 bytes)
Event: 42040.949 Thread 0x000001f67f0b6fc0 18147       1       java.lang.Class::forName (23 bytes)
Event: 42040.949 Thread 0x000001f600129e30 18148       1       java.lang.ClassLoader::getClassLoader (11 bytes)
Event: 42040.949 Thread 0x000001f600129e30 nmethod 18148 0x000001f67312e290 code [0x000001f67312e420, 0x000001f67312e508]
Event: 42040.949 Thread 0x000001f67f0b6fc0 nmethod 18147 0x000001f67312de90 code [0x000001f67312e040, 0x000001f67312e180]
Event: 42040.949 Thread 0x000001f60012abd0 nmethod 18146 0x000001f67312da10 code [0x000001f67312dbe0, 0x000001f67312dd48]
Event: 42040.950 Thread 0x000001f67f0b6fc0 18149   !   1       java.util.ServiceLoader$LazyClassPathLookupIterator::parse (161 bytes)
Event: 42040.950 Thread 0x000001f600129e30 18150       1       org.springframework.cglib.core.ClassEmitter::getSuperType (8 bytes)
Event: 42040.950 Thread 0x000001f600129e30 nmethod 18150 0x000001f67312d610 code [0x000001f67312d7c0, 0x000001f67312d8c0]
Event: 42040.950 Thread 0x000001f60012abd0 18151       1       java.util.LinkedList::get (14 bytes)
Event: 42040.950 Thread 0x000001f600127c20 18152       1       java.util.LinkedList::checkElementIndex (22 bytes)
Event: 42040.951 Thread 0x000001f600129e30 18153       1       java.util.LinkedList::isElementIndex (18 bytes)
Event: 42040.951 Thread 0x000001f600129e30 nmethod 18153 0x000001f673307190 code [0x000001f673307320, 0x000001f673307410]
Event: 42040.951 Thread 0x000001f60012abd0 nmethod 18151 0x000001f673306c10 code [0x000001f673306de0, 0x000001f673306ff8]
Event: 42040.951 Thread 0x000001f600127c20 nmethod 18152 0x000001f673306410 code [0x000001f673306620, 0x000001f6733069d8]
Event: 42040.952 Thread 0x000001f67f0b6fc0 nmethod 18149 0x000001f6735bf610 code [0x000001f6735bf9e0, 0x000001f6735c0910]
Event: 42040.953 Thread 0x000001f60012abd0 18154       1       org.springframework.aop.support.annotation.AnnotationMatchingPointcut::getMethodMatcher (5 bytes)
Event: 42040.953 Thread 0x000001f60012abd0 nmethod 18154 0x000001f6735bf290 code [0x000001f6735bf420, 0x000001f6735bf4e8]

GC Heap History (20 events):
Event: 40188.179 GC heap before
{Heap before GC invocations=55 (full 0):
 garbage-first heap   total 103424K, used 94519K [0x0000000085000000, 0x0000000100000000)
  region size 1024K, 60 young (61440K), 1 survivors (1024K)
 Metaspace       used 84560K, committed 85184K, reserved 1179648K
  class space    used 11460K, committed 11776K, reserved 1048576K
}
Event: 40188.190 GC heap after
{Heap after GC invocations=56 (full 0):
 garbage-first heap   total 103424K, used 35762K [0x0000000085000000, 0x0000000100000000)
  region size 1024K, 2 young (2048K), 2 survivors (2048K)
 Metaspace       used 84560K, committed 85184K, reserved 1179648K
  class space    used 11460K, committed 11776K, reserved 1048576K
}
Event: 40718.546 GC heap before
{Heap before GC invocations=56 (full 0):
 garbage-first heap   total 103424K, used 94130K [0x0000000085000000, 0x0000000100000000)
  region size 1024K, 59 young (60416K), 2 survivors (2048K)
 Metaspace       used 84562K, committed 85184K, reserved 1179648K
  class space    used 11461K, committed 11776K, reserved 1048576K
}
Event: 40718.579 GC heap after
{Heap after GC invocations=57 (full 0):
 garbage-first heap   total 103424K, used 34780K [0x0000000085000000, 0x0000000100000000)
  region size 1024K, 1 young (1024K), 1 survivors (1024K)
 Metaspace       used 84562K, committed 85184K, reserved 1179648K
  class space    used 11461K, committed 11776K, reserved 1048576K
}
Event: 41160.968 GC heap before
{Heap before GC invocations=57 (full 0):
 garbage-first heap   total 103424K, used 95196K [0x0000000085000000, 0x0000000100000000)
  region size 1024K, 60 young (61440K), 1 survivors (1024K)
 Metaspace       used 84728K, committed 85440K, reserved 1179648K
  class space    used 11496K, committed 11840K, reserved 1048576K
}
Event: 41160.990 GC heap after
{Heap after GC invocations=58 (full 0):
 garbage-first heap   total 103424K, used 35396K [0x0000000085000000, 0x0000000100000000)
  region size 1024K, 2 young (2048K), 2 survivors (2048K)
 Metaspace       used 84728K, committed 85440K, reserved 1179648K
  class space    used 11496K, committed 11840K, reserved 1048576K
}
Event: 41698.576 GC heap before
{Heap before GC invocations=59 (full 0):
 garbage-first heap   total 103424K, used 93764K [0x0000000085000000, 0x0000000100000000)
  region size 1024K, 59 young (60416K), 2 survivors (2048K)
 Metaspace       used 84719K, committed 85440K, reserved 1179648K
  class space    used 11494K, committed 11840K, reserved 1048576K
}
Event: 41698.582 GC heap after
{Heap after GC invocations=60 (full 0):
 garbage-first heap   total 103424K, used 34810K [0x0000000085000000, 0x0000000100000000)
  region size 1024K, 1 young (1024K), 1 survivors (1024K)
 Metaspace       used 84719K, committed 85440K, reserved 1179648K
  class space    used 11494K, committed 11840K, reserved 1048576K
}
Event: 42028.405 GC heap before
{Heap before GC invocations=60 (full 0):
 garbage-first heap   total 103424K, used 72698K [0x0000000085000000, 0x0000000100000000)
  region size 1024K, 39 young (39936K), 1 survivors (1024K)
 Metaspace       used 84851K, committed 85632K, reserved 1179648K
  class space    used 11525K, committed 11904K, reserved 1048576K
}
Event: 42028.504 GC heap after
{Heap after GC invocations=61 (full 1):
 garbage-first heap   total 96256K, used 26031K [0x0000000085000000, 0x0000000100000000)
  region size 1024K, 0 young (0K), 0 survivors (0K)
 Metaspace       used 84707K, committed 85632K, reserved 1179648K
  class space    used 11490K, committed 11904K, reserved 1048576K
}
Event: 42029.806 GC heap before
{Heap before GC invocations=61 (full 1):
 garbage-first heap   total 96256K, used 77231K [0x0000000085000000, 0x0000000100000000)
  region size 1024K, 52 young (53248K), 0 survivors (0K)
 Metaspace       used 85145K, committed 85888K, reserved 1179648K
  class space    used 11572K, committed 11904K, reserved 1048576K
}
Event: 42029.816 GC heap after
{Heap after GC invocations=62 (full 1):
 garbage-first heap   total 96256K, used 31484K [0x0000000085000000, 0x0000000100000000)
  region size 1024K, 6 young (6144K), 6 survivors (6144K)
 Metaspace       used 85145K, committed 85888K, reserved 1179648K
  class space    used 11572K, committed 11904K, reserved 1048576K
}
Event: 42030.430 GC heap before
{Heap before GC invocations=63 (full 1):
 garbage-first heap   total 96256K, used 79612K [0x0000000085000000, 0x0000000100000000)
  region size 1024K, 54 young (55296K), 6 survivors (6144K)
 Metaspace       used 85804K, committed 86528K, reserved 1179648K
  class space    used 11649K, committed 11968K, reserved 1048576K
}
Event: 42030.438 GC heap after
{Heap after GC invocations=64 (full 1):
 garbage-first heap   total 96256K, used 36005K [0x0000000085000000, 0x0000000100000000)
  region size 1024K, 5 young (5120K), 5 survivors (5120K)
 Metaspace       used 85804K, committed 86528K, reserved 1179648K
  class space    used 11649K, committed 11968K, reserved 1048576K
}
Event: 42030.516 GC heap before
{Heap before GC invocations=64 (full 1):
 garbage-first heap   total 96256K, used 43173K [0x0000000085000000, 0x0000000100000000)
  region size 1024K, 13 young (13312K), 5 survivors (5120K)
 Metaspace       used 85973K, committed 86720K, reserved 1179648K
  class space    used 11667K, committed 12032K, reserved 1048576K
}
Event: 42030.521 GC heap after
{Heap after GC invocations=65 (full 1):
 garbage-first heap   total 96256K, used 36920K [0x0000000085000000, 0x0000000100000000)
  region size 1024K, 2 young (2048K), 2 survivors (2048K)
 Metaspace       used 85973K, committed 86720K, reserved 1179648K
  class space    used 11667K, committed 12032K, reserved 1048576K
}
Event: 42039.625 GC heap before
{Heap before GC invocations=66 (full 1):
 garbage-first heap   total 96256K, used 70712K [0x0000000085000000, 0x0000000100000000)
  region size 1024K, 36 young (36864K), 2 survivors (2048K)
 Metaspace       used 86544K, committed 87360K, reserved 1179648K
  class space    used 11708K, committed 12096K, reserved 1048576K
}
Event: 42039.684 GC heap after
{Heap after GC invocations=67 (full 2):
 garbage-first heap   total 96256K, used 27769K [0x0000000085000000, 0x0000000100000000)
  region size 1024K, 0 young (0K), 0 survivors (0K)
 Metaspace       used 86413K, committed 87360K, reserved 1179648K
  class space    used 11678K, committed 12096K, reserved 1048576K
}
Event: 42040.565 GC heap before
{Heap before GC invocations=67 (full 2):
 garbage-first heap   total 96256K, used 79993K [0x0000000085000000, 0x0000000100000000)
  region size 1024K, 52 young (53248K), 0 survivors (0K)
 Metaspace       used 86867K, committed 87616K, reserved 1179648K
  class space    used 11748K, committed 12096K, reserved 1048576K
}
Event: 42040.572 GC heap after
{Heap after GC invocations=68 (full 2):
 garbage-first heap   total 96256K, used 32270K [0x0000000085000000, 0x0000000100000000)
  region size 1024K, 5 young (5120K), 5 survivors (5120K)
 Metaspace       used 86867K, committed 87616K, reserved 1179648K
  class space    used 11748K, committed 12096K, reserved 1048576K
}

Dll operation events (12 events):
Event: 0.041 Loaded shared library C:\work2\eclipse\plugins\org.eclipse.justj.openjdk.hotspot.jre.full.win32.x86_64_21.0.3.v20240426-1530\jre\bin\java.dll
Event: 0.047 Loaded shared library C:\work2\eclipse\plugins\org.eclipse.justj.openjdk.hotspot.jre.full.win32.x86_64_21.0.3.v20240426-1530\jre\bin\zip.dll
Event: 0.463 Loaded shared library C:\work2\eclipse\plugins\org.eclipse.justj.openjdk.hotspot.jre.full.win32.x86_64_21.0.3.v20240426-1530\jre\bin\instrument.dll
Event: 0.473 Loaded shared library C:\work2\eclipse\plugins\org.eclipse.justj.openjdk.hotspot.jre.full.win32.x86_64_21.0.3.v20240426-1530\jre\bin\net.dll
Event: 0.474 Loaded shared library C:\work2\eclipse\plugins\org.eclipse.justj.openjdk.hotspot.jre.full.win32.x86_64_21.0.3.v20240426-1530\jre\bin\nio.dll
Event: 0.484 Loaded shared library C:\work2\eclipse\plugins\org.eclipse.justj.openjdk.hotspot.jre.full.win32.x86_64_21.0.3.v20240426-1530\jre\bin\zip.dll
Event: 0.640 Loaded shared library C:\work2\eclipse\plugins\org.eclipse.justj.openjdk.hotspot.jre.full.win32.x86_64_21.0.3.v20240426-1530\jre\bin\jimage.dll
Event: 0.691 Loaded shared library C:\work2\eclipse\plugins\org.eclipse.justj.openjdk.hotspot.jre.full.win32.x86_64_21.0.3.v20240426-1530\jre\bin\management.dll
Event: 0.703 Loaded shared library C:\work2\eclipse\plugins\org.eclipse.justj.openjdk.hotspot.jre.full.win32.x86_64_21.0.3.v20240426-1530\jre\bin\management_ext.dll
Event: 1.125 Loaded shared library C:\work2\eclipse\plugins\org.eclipse.justj.openjdk.hotspot.jre.full.win32.x86_64_21.0.3.v20240426-1530\jre\bin\extnet.dll
Event: 1.152 Loaded shared library C:\work2\eclipse\plugins\org.eclipse.justj.openjdk.hotspot.jre.full.win32.x86_64_21.0.3.v20240426-1530\jre\bin\verify.dll
Event: 2.425 Loaded shared library C:\work2\eclipse\plugins\org.eclipse.justj.openjdk.hotspot.jre.full.win32.x86_64_21.0.3.v20240426-1530\jre\bin\sunmscapi.dll

Deoptimization events (20 events):
Event: 42040.954 Thread 0x000001f602ca1ca0 DEOPT PACKING pc=0x000001f67367d8d1 sp=0x00000043c28fc230
Event: 42040.954 Thread 0x000001f602ca1ca0 DEOPT UNPACKING pc=0x000001f672bc88e2 sp=0x00000043c28fb688 mode 1
Event: 42040.954 Thread 0x000001f602ca1ca0 DEOPT PACKING pc=0x000001f67367e5ac sp=0x00000043c28fc2c0
Event: 42040.954 Thread 0x000001f602ca1ca0 DEOPT UNPACKING pc=0x000001f672bc88e2 sp=0x00000043c28fb768 mode 1
Event: 42040.954 Thread 0x000001f602ca1ca0 DEOPT PACKING pc=0x000001f673004614 sp=0x00000043c28fcd40
Event: 42040.954 Thread 0x000001f602ca1ca0 DEOPT UNPACKING pc=0x000001f672bc88e2 sp=0x00000043c28fc208 mode 1
Event: 42040.954 Thread 0x000001f602ca1ca0 DEOPT PACKING pc=0x000001f67300428c sp=0x00000043c28fcdd0
Event: 42040.954 Thread 0x000001f602ca1ca0 DEOPT UNPACKING pc=0x000001f672bc88e2 sp=0x00000043c28fc2a8 mode 1
Event: 42040.954 Thread 0x000001f602ca1ca0 DEOPT PACKING pc=0x000001f67367e5ac sp=0x00000043c28fcf20
Event: 42040.954 Thread 0x000001f602ca1ca0 DEOPT UNPACKING pc=0x000001f672bc88e2 sp=0x00000043c28fc3c8 mode 1
Event: 42040.954 Thread 0x000001f602ca1ca0 DEOPT PACKING pc=0x000001f673004614 sp=0x00000043c28fd9a0
Event: 42040.954 Thread 0x000001f602ca1ca0 DEOPT UNPACKING pc=0x000001f672bc88e2 sp=0x00000043c28fce68 mode 1
Event: 42040.954 Thread 0x000001f602ca1ca0 DEOPT PACKING pc=0x000001f67300428c sp=0x00000043c28fda30
Event: 42040.954 Thread 0x000001f602ca1ca0 DEOPT UNPACKING pc=0x000001f672bc88e2 sp=0x00000043c28fcf08 mode 1
Event: 42040.956 Thread 0x000001f602ca1ca0 DEOPT PACKING pc=0x000001f6736860bc sp=0x00000043c28fd6d0
Event: 42040.956 Thread 0x000001f602ca1ca0 DEOPT UNPACKING pc=0x000001f672bc88e2 sp=0x00000043c28fcd60 mode 1
Event: 42040.956 Thread 0x000001f602ca1ca0 DEOPT PACKING pc=0x000001f672f2352c sp=0x00000043c28fda00
Event: 42040.956 Thread 0x000001f602ca1ca0 DEOPT UNPACKING pc=0x000001f672bc88e2 sp=0x00000043c28fcec8 mode 1
Event: 42058.629 Thread 0x000001f602ca1ca0 DEOPT PACKING pc=0x000001f672f4571c sp=0x00000043c28fdaa0
Event: 42058.629 Thread 0x000001f602ca1ca0 DEOPT UNPACKING pc=0x000001f672bc88e2 sp=0x00000043c28fcf58 mode 0

Classes loaded (20 events):
Event: 39792.883 Loading class sun/reflect/generics/tree/IntSignature
Event: 39792.885 Loading class sun/reflect/generics/tree/IntSignature done
Event: 39792.899 Loading class java/io/PushbackInputStream
Event: 39792.901 Loading class java/io/PushbackInputStream done
Event: 39793.120 Loading class java/text/ParsePosition
Event: 39793.121 Loading class java/text/ParsePosition done
Event: 40805.981 Loading class jdk/internal/reflect/AccessorUtils
Event: 40805.988 Loading class jdk/internal/reflect/AccessorUtils done
Event: 42028.322 Loading class java/util/concurrent/locks/AbstractQueuedSynchronizer$SharedNode
Event: 42028.324 Loading class java/util/concurrent/locks/AbstractQueuedSynchronizer$SharedNode done
Event: 42028.357 Loading class java/util/AbstractMap$2
Event: 42028.359 Loading class java/util/AbstractMap$2 done
Event: 42028.363 Loading class java/util/AbstractMap$2$1
Event: 42028.364 Loading class java/util/AbstractMap$2$1 done
Event: 42028.504 Loading class java/lang/ref/Finalizer$2
Event: 42028.505 Loading class java/lang/ref/Finalizer$2 done
Event: 42028.505 Loading class java/lang/ref/Finalizer$1
Event: 42028.506 Loading class java/lang/ref/Finalizer$1 done
Event: 42030.468 Loading class java/time/DurationEditor
Event: 42030.468 Loading class java/time/DurationEditor done

Classes unloaded (20 events):
Event: 42039.637 Thread 0x000001f67a798fb0 Unloading class 0x0000000100a61800 'java/lang/invoke/LambdaForm$MH+0x0000000100a61800'
Event: 42039.637 Thread 0x000001f67a798fb0 Unloading class 0x0000000100854800 'java/lang/invoke/LambdaForm$MH+0x0000000100854800'
Event: 42039.637 Thread 0x000001f67a798fb0 Unloading class 0x000000010053cc00 'java/lang/invoke/LambdaForm$MH+0x000000010053cc00'
Event: 42039.637 Thread 0x000001f67a798fb0 Unloading class 0x0000000100530c00 'java/lang/invoke/LambdaForm$MH+0x0000000100530c00'
Event: 42039.637 Thread 0x000001f67a798fb0 Unloading class 0x0000000100530000 'java/lang/invoke/LambdaForm$MH+0x0000000100530000'
Event: 42039.637 Thread 0x000001f67a798fb0 Unloading class 0x0000000100529c00 'java/lang/invoke/LambdaForm$MH+0x0000000100529c00'
Event: 42039.637 Thread 0x000001f67a798fb0 Unloading class 0x0000000100528400 'java/lang/invoke/LambdaForm$MH+0x0000000100528400'
Event: 42039.637 Thread 0x000001f67a798fb0 Unloading class 0x0000000100bad000 'org/apache/catalina/loader/JdbcLeakPrevention'
Event: 42039.637 Thread 0x000001f67a798fb0 Unloading class 0x00000001004e4c00 'java/lang/invoke/LambdaForm$MH+0x00000001004e4c00'
Event: 42039.637 Thread 0x000001f67a798fb0 Unloading class 0x00000001004c8800 'java/lang/invoke/LambdaForm$MH+0x00000001004c8800'
Event: 42039.637 Thread 0x000001f67a798fb0 Unloading class 0x00000001004c7000 'java/lang/invoke/LambdaForm$MH+0x00000001004c7000'
Event: 42039.637 Thread 0x000001f67a798fb0 Unloading class 0x00000001004c6800 'java/lang/invoke/LambdaForm$MH+0x00000001004c6800'
Event: 42039.637 Thread 0x000001f67a798fb0 Unloading class 0x00000001004acc00 'java/lang/invoke/LambdaForm$MH+0x00000001004acc00'
Event: 42039.637 Thread 0x000001f67a798fb0 Unloading class 0x00000001004a0c00 'java/lang/invoke/LambdaForm$MH+0x00000001004a0c00'
Event: 42039.637 Thread 0x000001f67a798fb0 Unloading class 0x000000010048c400 'java/lang/invoke/LambdaForm$MH+0x000000010048c400'
Event: 42039.637 Thread 0x000001f67a798fb0 Unloading class 0x0000000100291400 'java/lang/invoke/LambdaForm$MH+0x0000000100291400'
Event: 42039.637 Thread 0x000001f67a798fb0 Unloading class 0x0000000100229800 'java/lang/invoke/LambdaForm$MH+0x0000000100229800'
Event: 42039.637 Thread 0x000001f67a798fb0 Unloading class 0x0000000100229400 'java/lang/invoke/LambdaForm$MH+0x0000000100229400'
Event: 42039.637 Thread 0x000001f67a798fb0 Unloading class 0x000000010014b000 'java/lang/invoke/LambdaForm$MH+0x000000010014b000'
Event: 42039.637 Thread 0x000001f67a798fb0 Unloading class 0x0000000100000400 'java/lang/invoke/LambdaForm$MH+0x0000000100000400'

Classes redefined (5 events):
Event: 42037.829 Thread 0x000001f67a798fb0 redefined class name=pack.controller.MainController, count=1
Event: 42037.829 Thread 0x000001f67a798fb0 redefined class name=pack.controller.MainController, count=1
Event: 42058.656 Thread 0x000001f67a798fb0 redefined class name=pack.controller.MainController, count=2
Event: 42058.656 Thread 0x000001f67a798fb0 redefined class name=pack.controller.MainController, count=2
Event: 42058.656 Thread 0x000001f67a798fb0 redefined class name=pack.controller.MainController, count=1

Internal exceptions (20 events):
Event: 42029.562 Thread 0x000001f602cc5160 Exception <a 'java/lang/NoClassDefFoundError'{0x0000000088c2cda8}: org/springframework/batch/core/repository/JobRepository> (0x0000000088c2cda8) 
thrown [s\src\hotspot\share\oops\constantPool.cpp, line 873]
Event: 42029.564 Thread 0x000001f602cc5160 Exception <a 'java/lang/NoClassDefFoundError'{0x0000000088c2d400}: org/quartz/Scheduler> (0x0000000088c2d400) 
thrown [s\src\hotspot\share\oops\constantPool.cpp, line 873]
Event: 42029.564 Thread 0x000001f602cc5160 Exception <a 'java/lang/NoClassDefFoundError'{0x0000000088c2da80}: org/springframework/session/jdbc/JdbcIndexedSessionRepository> (0x0000000088c2da80) 
thrown [s\src\hotspot\share\oops\constantPool.cpp, line 873]
Event: 42029.570 Thread 0x000001f602cc5160 Exception <a 'java/lang/NoClassDefFoundError'{0x0000000088cb7ec8}: org/jooq/DSLContext> (0x0000000088cb7ec8) 
thrown [s\src\hotspot\share\oops\constantPool.cpp, line 873]
Event: 42029.584 Thread 0x000001f602cc5160 Exception <a 'java/lang/NoSuchMethodError'{0x0000000088b96d60}: 'void java.lang.invoke.DelegatingMethodHandle$Holder.reinvoke_L(java.lang.Object, java.lang.Object, int)'> (0x0000000088b96d60) 
thrown [s\src\hotspot\share\interpreter\linkResolver.cpp, line 773]
Event: 42029.684 Thread 0x000001f602cc5160 Exception <a 'java/lang/NoSuchMethodError'{0x0000000088363af0}: 'int java.lang.invoke.DirectMethodHandle$Holder.invokeVirtual(java.lang.Object, java.lang.Object, java.lang.Object, java.lang.Object)'> (0x0000000088363af0) 
thrown [s\src\hotspot\share\interpreter\linkResolver.cpp, line 773]
Event: 42029.684 Thread 0x000001f602cc5160 Exception <a 'java/lang/NoSuchMethodError'{0x00000000883670b8}: 'int java.lang.invoke.DelegatingMethodHandle$Holder.reinvoke_L(java.lang.Object, java.lang.Object, java.lang.Object, java.lang.Object)'> (0x00000000883670b8) 
thrown [s\src\hotspot\share\interpreter\linkResolver.cpp, line 773]
Event: 42029.697 Thread 0x000001f602cc5160 Exception <a 'java/io/FileNotFoundException'{0x00000000883ca900}> (0x00000000883ca900) 
thrown [s\src\hotspot\share\prims\jni.cpp, line 520]
Event: 42029.719 Thread 0x000001f602cc5160 Exception <a 'java/io/FileNotFoundException'{0x00000000881e03b8}> (0x00000000881e03b8) 
thrown [s\src\hotspot\share\prims\jni.cpp, line 520]
Event: 42038.193 Thread 0x000001f6004f2f00 Exception <a 'java/lang/NoSuchMethodError'{0x0000000088a1e0d8}: static [B.<clinit>()V> (0x0000000088a1e0d8) 
thrown [s\src\hotspot\share\prims\jni.cpp, line 1111]
Event: 42039.624 Thread 0x000001f602cc2370 Exception <a 'java/lang/InterruptedException'{0x0000000088af6478}: sleep interrupted> (0x0000000088af6478) 
thrown [s\src\hotspot\share\prims\jvm.cpp, line 3074]
Event: 42039.699 Thread 0x000001f602ca1ca0 Exception <a 'sun/nio/fs/WindowsException'{0x000000008ad7e730}> (0x000000008ad7e730) 
thrown [s\src\hotspot\share\prims\jni.cpp, line 520]
Event: 42040.119 Thread 0x000001f602ca1ca0 Exception <a 'java/lang/NoClassDefFoundError'{0x0000000088e8ee10}: org/flywaydb/core/Flyway> (0x0000000088e8ee10) 
thrown [s\src\hotspot\share\oops\constantPool.cpp, line 873]
Event: 42040.344 Thread 0x000001f602ca1ca0 Exception <a 'java/lang/NoClassDefFoundError'{0x0000000088e8f470}: liquibase/integration/spring/SpringLiquibase> (0x0000000088e8f470) 
thrown [s\src\hotspot\share\oops\constantPool.cpp, line 873]
Event: 42040.347 Thread 0x000001f602ca1ca0 Exception <a 'java/lang/NoClassDefFoundError'{0x0000000088ebe088}: org/springframework/batch/core/repository/JobRepository> (0x0000000088ebe088) 
thrown [s\src\hotspot\share\oops\constantPool.cpp, line 873]
Event: 42040.348 Thread 0x000001f602ca1ca0 Exception <a 'java/lang/NoClassDefFoundError'{0x0000000088ebe6e0}: org/quartz/Scheduler> (0x0000000088ebe6e0) 
thrown [s\src\hotspot\share\oops\constantPool.cpp, line 873]
Event: 42040.349 Thread 0x000001f602ca1ca0 Exception <a 'java/lang/NoClassDefFoundError'{0x0000000088ebed88}: org/springframework/session/jdbc/JdbcIndexedSessionRepository> (0x0000000088ebed88) 
thrown [s\src\hotspot\share\oops\constantPool.cpp, line 873]
Event: 42040.356 Thread 0x000001f602ca1ca0 Exception <a 'java/lang/NoClassDefFoundError'{0x0000000088d385b8}: org/jooq/DSLContext> (0x0000000088d385b8) 
thrown [s\src\hotspot\share\oops\constantPool.cpp, line 873]
Event: 42040.411 Thread 0x000001f602ca1ca0 Exception <a 'java/io/FileNotFoundException'{0x0000000088526828}> (0x0000000088526828) 
thrown [s\src\hotspot\share\prims\jni.cpp, line 520]
Event: 42040.433 Thread 0x000001f602ca1ca0 Exception <a 'java/io/FileNotFoundException'{0x00000000883403d0}> (0x00000000883403d0) 
thrown [s\src\hotspot\share\prims\jni.cpp, line 520]

ZGC Phase Switch (0 events):
No events

VM Operations (20 events):
Event: 42044.422 Executing VM operation: get/set locals
Event: 42044.422 Executing VM operation: get/set locals done
Event: 42044.424 Executing VM operation: get/set locals
Event: 42044.424 Executing VM operation: get/set locals done
Event: 42044.427 Executing VM operation: get/set locals
Event: 42044.427 Executing VM operation: get/set locals done
Event: 42044.428 Executing VM operation: get/set locals
Event: 42044.428 Executing VM operation: get/set locals done
Event: 42045.237 Executing VM operation: HandshakeAllThreads (HandshakeForDeflation)
Event: 42045.237 Executing VM operation: HandshakeAllThreads (HandshakeForDeflation) done
Event: 42045.237 Executing VM operation: RendezvousGCThreads
Event: 42045.237 Executing VM operation: RendezvousGCThreads done
Event: 42058.628 Executing VM operation: ChangeSingleStep
Event: 42058.628 Executing VM operation: ChangeSingleStep done
Event: 42058.629 Executing VM operation: ChangeSingleStep
Event: 42058.629 Executing VM operation: ChangeSingleStep done
Event: 42058.643 Executing VM operation: RedefineClasses
Event: 42058.679 Executing VM operation: RedefineClasses done
Event: 42058.682 Executing VM operation: ChangeSingleStep
Event: 42058.682 Executing VM operation: ChangeSingleStep done

Events (20 events):
Event: 42039.648 Thread 0x000001f67a798fb0 flushing nmethod 0x000001f672d4d910
Event: 42039.648 Thread 0x000001f67a798fb0 flushing nmethod 0x000001f672d37310
Event: 42039.648 Thread 0x000001f67a798fb0 flushing nmethod 0x000001f672cd8e90
Event: 42039.684 Thread 0x000001f602ca29c0 Thread added: 0x000001f602ca29c0
Event: 42039.685 Thread 0x000001f602ca29c0 Thread exited: 0x000001f602ca29c0
Event: 42039.685 Thread 0x000001f602ca1ca0 Thread added: 0x000001f602ca1ca0
Event: 42039.702 Thread 0x000001f600129e30 Thread added: 0x000001f600129e30
Event: 42039.777 Thread 0x000001f602ca29c0 Thread added: 0x000001f602ca29c0
Event: 42039.814 Thread 0x000001f602ca29c0 Thread exited: 0x000001f602ca29c0
Event: 42040.434 Thread 0x000001f602ca4a90 Thread added: 0x000001f602ca4a90
Event: 42040.434 Thread 0x000001f602ca1610 Thread added: 0x000001f602ca1610
Event: 42040.435 Thread 0x000001f602ca29c0 Thread added: 0x000001f602ca29c0
Event: 42040.478 Thread 0x000001f602ca4400 Thread added: 0x000001f602ca4400
Event: 42040.589 Thread 0x000001f602ca3050 Thread added: 0x000001f602ca3050
Event: 42040.617 Thread 0x000001f60012abd0 Thread added: 0x000001f60012abd0
Event: 42040.617 Thread 0x000001f600127c20 Thread added: 0x000001f600127c20
Event: 42045.957 Thread 0x000001f60012abd0 Thread exited: 0x000001f60012abd0
Event: 42045.957 Thread 0x000001f600127c20 Thread exited: 0x000001f600127c20
Event: 42046.003 Thread 0x000001f602ca3050 Thread exited: 0x000001f602ca3050
Event: 42050.961 Thread 0x000001f600129e30 Thread exited: 0x000001f600129e30


Dynamic libraries:
0x00007ff6f5090000 - 0x00007ff6f509e000 	C:\work2\eclipse\plugins\org.eclipse.justj.openjdk.hotspot.jre.full.win32.x86_64_21.0.3.v20240426-1530\jre\bin\javaw.exe
0x00007ff854890000 - 0x00007ff854aa7000 	C:\WINDOWS\SYSTEM32\ntdll.dll
0x00007ff852fa0000 - 0x00007ff853064000 	C:\WINDOWS\System32\KERNEL32.DLL
0x00007ff851c30000 - 0x00007ff851fdd000 	C:\WINDOWS\System32\KERNELBASE.dll
0x00007ff852150000 - 0x00007ff852261000 	C:\WINDOWS\System32\ucrtbase.dll
0x00007ff83bb40000 - 0x00007ff83bb58000 	C:\work2\eclipse\plugins\org.eclipse.justj.openjdk.hotspot.jre.full.win32.x86_64_21.0.3.v20240426-1530\jre\bin\jli.dll
0x00007ff82eda0000 - 0x00007ff82edbb000 	C:\work2\eclipse\plugins\org.eclipse.justj.openjdk.hotspot.jre.full.win32.x86_64_21.0.3.v20240426-1530\jre\bin\VCRUNTIME140.dll
0x00007ff8544a0000 - 0x00007ff85464e000 	C:\WINDOWS\System32\USER32.dll
0x00007ff851fe0000 - 0x00007ff852006000 	C:\WINDOWS\System32\win32u.dll
0x00007ff835f90000 - 0x00007ff836223000 	C:\WINDOWS\WinSxS\amd64_microsoft.windows.common-controls_6595b64144ccf1df_6.0.22621.3672_none_2713b9d173822955\COMCTL32.dll
0x00007ff852ca0000 - 0x00007ff852cc9000 	C:\WINDOWS\System32\GDI32.dll
0x00007ff8547a0000 - 0x00007ff854847000 	C:\WINDOWS\System32\msvcrt.dll
0x00007ff8524b0000 - 0x00007ff8525c9000 	C:\WINDOWS\System32\gdi32full.dll
0x00007ff8522a0000 - 0x00007ff85233a000 	C:\WINDOWS\System32\msvcp_win.dll
0x00007ff854760000 - 0x00007ff854791000 	C:\WINDOWS\System32\IMM32.DLL
0x00007ff844fa0000 - 0x00007ff844fac000 	C:\work2\eclipse\plugins\org.eclipse.justj.openjdk.hotspot.jre.full.win32.x86_64_21.0.3.v20240426-1530\jre\bin\vcruntime140_1.dll
0x00007fffd37d0000 - 0x00007fffd385e000 	C:\work2\eclipse\plugins\org.eclipse.justj.openjdk.hotspot.jre.full.win32.x86_64_21.0.3.v20240426-1530\jre\bin\msvcp140.dll
0x00007fffd6000000 - 0x00007fffd6d82000 	C:\work2\eclipse\plugins\org.eclipse.justj.openjdk.hotspot.jre.full.win32.x86_64_21.0.3.v20240426-1530\jre\bin\server\jvm.dll
0x00007ff8535e0000 - 0x00007ff853692000 	C:\WINDOWS\System32\ADVAPI32.dll
0x00007ff853510000 - 0x00007ff8535b9000 	C:\WINDOWS\System32\sechost.dll
0x00007ff852270000 - 0x00007ff852298000 	C:\WINDOWS\System32\bcrypt.dll
0x00007ff854380000 - 0x00007ff854494000 	C:\WINDOWS\System32\RPCRT4.dll
0x00007ff852870000 - 0x00007ff8528e1000 	C:\WINDOWS\System32\WS2_32.dll
0x00007ff850a90000 - 0x00007ff850add000 	C:\WINDOWS\SYSTEM32\POWRPROF.dll
0x00007ff8491d0000 - 0x00007ff849204000 	C:\WINDOWS\SYSTEM32\WINMM.dll
0x00007ff848390000 - 0x00007ff84839a000 	C:\WINDOWS\SYSTEM32\VERSION.dll
0x00007ff850a50000 - 0x00007ff850a63000 	C:\WINDOWS\SYSTEM32\UMPDC.dll
0x00007ff850ce0000 - 0x00007ff850cf8000 	C:\WINDOWS\SYSTEM32\kernel.appcore.dll
0x00007ff83c300000 - 0x00007ff83c30a000 	C:\work2\eclipse\plugins\org.eclipse.justj.openjdk.hotspot.jre.full.win32.x86_64_21.0.3.v20240426-1530\jre\bin\jimage.dll
0x00007ff84f580000 - 0x00007ff84f7b2000 	C:\WINDOWS\SYSTEM32\DBGHELP.DLL
0x00007ff852910000 - 0x00007ff852c98000 	C:\WINDOWS\System32\combase.dll
0x00007ff8525d0000 - 0x00007ff8526a7000 	C:\WINDOWS\System32\OLEAUT32.dll
0x00007ff8466f0000 - 0x00007ff846722000 	C:\WINDOWS\SYSTEM32\dbgcore.DLL
0x00007ff852010000 - 0x00007ff85208b000 	C:\WINDOWS\System32\bcryptPrimitives.dll
0x00007ff83d260000 - 0x00007ff83d29c000 	C:\work2\eclipse\plugins\org.eclipse.justj.openjdk.hotspot.jre.full.win32.x86_64_21.0.3.v20240426-1530\jre\bin\jdwp.dll
0x00007ff83bbc0000 - 0x00007ff83bbcf000 	C:\work2\eclipse\plugins\org.eclipse.justj.openjdk.hotspot.jre.full.win32.x86_64_21.0.3.v20240426-1530\jre\bin\instrument.dll
0x00007ff83bb20000 - 0x00007ff83bb3f000 	C:\work2\eclipse\plugins\org.eclipse.justj.openjdk.hotspot.jre.full.win32.x86_64_21.0.3.v20240426-1530\jre\bin\java.dll
0x00007ff8342a0000 - 0x00007ff8342b8000 	C:\work2\eclipse\plugins\org.eclipse.justj.openjdk.hotspot.jre.full.win32.x86_64_21.0.3.v20240426-1530\jre\bin\zip.dll
0x00007ff853b20000 - 0x00007ff85437f000 	C:\WINDOWS\System32\SHELL32.dll
0x00007ff84fb10000 - 0x00007ff85040c000 	C:\WINDOWS\SYSTEM32\windows.storage.dll
0x00007ff84f9d0000 - 0x00007ff84fb0f000 	C:\WINDOWS\SYSTEM32\wintypes.dll
0x00007ff852cd0000 - 0x00007ff852dc4000 	C:\WINDOWS\System32\SHCORE.dll
0x00007ff852f40000 - 0x00007ff852f9e000 	C:\WINDOWS\System32\shlwapi.dll
0x00007ff851af0000 - 0x00007ff851b11000 	C:\WINDOWS\SYSTEM32\profapi.dll
0x00007ff844c30000 - 0x00007ff844c3b000 	C:\work2\eclipse\plugins\org.eclipse.justj.openjdk.hotspot.jre.full.win32.x86_64_21.0.3.v20240426-1530\jre\bin\dt_socket.dll
0x00007ff850720000 - 0x00007ff85074d000 	C:\WINDOWS\SYSTEM32\IPHLPAPI.DLL
0x00007ff851150000 - 0x00007ff8511b9000 	C:\WINDOWS\system32\mswsock.dll
0x00007ff850750000 - 0x00007ff850848000 	C:\WINDOWS\SYSTEM32\DNSAPI.dll
0x00007ff852900000 - 0x00007ff852909000 	C:\WINDOWS\System32\NSI.dll
0x00007ff84ade0000 - 0x00007ff84adea000 	C:\Windows\System32\rasadhlp.dll
0x00007ff84b0b0000 - 0x00007ff84b133000 	C:\WINDOWS\System32\fwpuclnt.dll
0x00007ff845750000 - 0x00007ff845760000 	C:\work2\eclipse\plugins\org.eclipse.justj.openjdk.hotspot.jre.full.win32.x86_64_21.0.3.v20240426-1530\jre\bin\net.dll
0x00007ff84c4b0000 - 0x00007ff84c5e6000 	C:\WINDOWS\SYSTEM32\WINHTTP.dll
0x00007ff845730000 - 0x00007ff845746000 	C:\work2\eclipse\plugins\org.eclipse.justj.openjdk.hotspot.jre.full.win32.x86_64_21.0.3.v20240426-1530\jre\bin\nio.dll
0x00007ff83a8b0000 - 0x00007ff83a8ba000 	C:\work2\eclipse\plugins\org.eclipse.justj.openjdk.hotspot.jre.full.win32.x86_64_21.0.3.v20240426-1530\jre\bin\management.dll
0x00007ff839110000 - 0x00007ff83911b000 	C:\work2\eclipse\plugins\org.eclipse.justj.openjdk.hotspot.jre.full.win32.x86_64_21.0.3.v20240426-1530\jre\bin\management_ext.dll
0x00007ff852df0000 - 0x00007ff852df8000 	C:\WINDOWS\System32\PSAPI.DLL
0x00007ff833680000 - 0x00007ff833697000 	C:\WINDOWS\system32\napinsp.dll
0x00007ff833660000 - 0x00007ff83367b000 	C:\WINDOWS\system32\pnrpnsp.dll
0x00007ff833640000 - 0x00007ff833651000 	C:\WINDOWS\System32\winrnr.dll
0x00007ff84adc0000 - 0x00007ff84add5000 	C:\WINDOWS\system32\wshbth.dll
0x00007ff833610000 - 0x00007ff833637000 	C:\WINDOWS\system32\nlansp_c.dll
0x00007ff8513b0000 - 0x00007ff8513cb000 	C:\WINDOWS\SYSTEM32\CRYPTSP.dll
0x00007ff850c40000 - 0x00007ff850c75000 	C:\WINDOWS\system32\rsaenh.dll
0x00007ff851250000 - 0x00007ff851278000 	C:\WINDOWS\SYSTEM32\USERENV.dll
0x00007ff8513d0000 - 0x00007ff8513dc000 	C:\WINDOWS\SYSTEM32\CRYPTBASE.dll
0x00007ff834260000 - 0x00007ff834269000 	C:\work2\eclipse\plugins\org.eclipse.justj.openjdk.hotspot.jre.full.win32.x86_64_21.0.3.v20240426-1530\jre\bin\extnet.dll
0x00007ff845720000 - 0x00007ff845730000 	C:\work2\eclipse\plugins\org.eclipse.justj.openjdk.hotspot.jre.full.win32.x86_64_21.0.3.v20240426-1530\jre\bin\verify.dll
0x00007ff844b50000 - 0x00007ff844b5e000 	C:\work2\eclipse\plugins\org.eclipse.justj.openjdk.hotspot.jre.full.win32.x86_64_21.0.3.v20240426-1530\jre\bin\sunmscapi.dll
0x00007ff852340000 - 0x00007ff8524a7000 	C:\WINDOWS\System32\CRYPT32.dll
0x00007ff851570000 - 0x00007ff85159e000 	C:\WINDOWS\SYSTEM32\ncrypt.dll
0x00007ff851530000 - 0x00007ff851567000 	C:\WINDOWS\SYSTEM32\NTASN1.dll
0x00007ff847f40000 - 0x00007ff847f48000 	C:\WINDOWS\system32\wshunix.dll

dbghelp: loaded successfully - version: 4.0.5 - missing functions: none
symbol engine: initialized successfully - sym options: 0x614 - pdb path: .;C:\work2\eclipse\plugins\org.eclipse.justj.openjdk.hotspot.jre.full.win32.x86_64_21.0.3.v20240426-1530\jre\bin;C:\WINDOWS\SYSTEM32;C:\WINDOWS\WinSxS\amd64_microsoft.windows.common-controls_6595b64144ccf1df_6.0.22621.3672_none_2713b9d173822955;C:\work2\eclipse\plugins\org.eclipse.justj.openjdk.hotspot.jre.full.win32.x86_64_21.0.3.v20240426-1530\jre\bin\server

VM Arguments:
jvm_args: -XX:+ShowCodeDetailsInExceptionMessages -agentlib:jdwp=transport=dt_socket,suspend=y,address=localhost:50551 -Dcom.sun.management.jmxremote -Dcom.sun.management.jmxremote.port=50550 -Dcom.sun.management.jmxremote.authenticate=false -Dcom.sun.management.jmxremote.ssl=false -Djava.rmi.server.hostname=localhost -Dspring.jmx.enabled=true -Dmanagement.endpoints.jmx.exposure.include=* -Dspring.application.admin.enabled=true -XX:TieredStopAtLevel=1 -Dspring.boot.project.name=SceneStealerFinal -javaagent:C:\work2\eclipse\configuration\org.eclipse.osgi\448\0\.cp\lib\javaagent-shaded.jar -Dfile.encoding=UTF-8 -Dstdout.encoding=UTF-8 -Dstderr.encoding=UTF-8 
java_command: pack.SceneStealerFinalApplication --spring.output.ansi.enabled=always
java_class_path (initial): C:\daracle\SceneStealerFinal\bin\main;C:\Users\joon7\.gradle\caches\modules-2\files-2.1\org.projectlombok\lombok\1.18.34\ec547ef414ab1d2c040118fb9c1c265ada63af14\lombok-1.18.34.jar;C:\Users\joon7\.gradle\caches\modules-2\files-2.1\org.springframework.boot\spring-boot-starter-data-jpa\3.3.2\2731d74dfc18fb905c29930cf55493980c2cee5a\spring-boot-starter-data-jpa-3.3.2.jar;C:\Users\joon7\.gradle\caches\modules-2\files-2.1\org.springframework.boot\spring-boot-starter-thymeleaf\3.3.2\cdcc62e2bb84c080a474281cf09c28cdfd423955\spring-boot-starter-thymeleaf-3.3.2.jar;C:\Users\joon7\.gradle\caches\modules-2\files-2.1\org.springframework.boot\spring-boot-starter-web\3.3.2\720418538668a8742d0ae24097811d5250cf5c32\spring-boot-starter-web-3.3.2.jar;C:\Users\joon7\.gradle\caches\modules-2\files-2.1\org.springframework.boot\spring-boot-starter-aop\3.3.2\26d996e253768d3121bb3ffbef28cefc07fdbddb\spring-boot-starter-aop-3.3.2.jar;C:\Users\joon7\.gradle\caches\modules-2\files-2.1\org.springframework.boot\spring-boot-starter-jdbc\3.3.2\544775d745288972598ab2e872e5a4816b6d9b39\spring-boot-starter-jdbc-3.3.2.jar;C:\Users\joon7\.gradle\caches\modules-2\files-2.1\org.hibernate.orm\hibernate-core\6.5.2.Final\e9e0cc47f6cd2b2553968aee66bd9e55e7485221\hibernate-core-6.5.2.Final.jar;C:\Users\joon7\.gradle\caches\modules-2\files-2.1\org.springframework.data\spring-data-jpa\3.3.2\cfa9cd077f3f15d0657bbb6d7c8e1c7c7da7e6e2\spring-data-jpa-3.3.2.jar;C:\Users\joon7\.gradle\caches\modules-2\files-2.1\org.springframework\spring-aspects\6.1.11\141d92094a460f338aa0999023ca7a25861d49a1\spring-aspects-6.1.11.jar;C:\Users\joon7\.gradle\caches\modules-2\files-2.1\org.springframework.boot\spring-boot-starter-json\3.3.2\d8b8b73e7820092b4e41d730eeb968add7957c45\spring-boot-starter-json-3.3.2.jar;C:\Users\joon7\.gradle\caches\modules-2\files-2.1\org.springframework.boot\spring-boot-starter\3.3.2\f9377a223dab5c4afe7aead05bf6ac567cf565ab\spring-boot-starter-3.3.2.jar;C:\Users\joon7\.gradle\caches\modules-2\files-2.1\org.thymeleaf\thymeleaf-spring6\3.1.2.RELEASE\6030c7b4e260c41336f378e53da6e8531263f24b\thymeleaf-spring6-3.1.2.RELEASE.jar;C:\Users\joon7\.gradle\caches\modules-2\files-2.1\org.springframework.boot\spring-boot-starter-tomcat\3.3.2\37ccb53cd5207fffd7a6fc1b591687f8cb1350df\spring-boot-starter-tomcat-3.3.2.jar;C:\Users\joon7\.gradle\caches\modules-2\files-2.1\org.springframework\spring-webmvc\6.1.11\9ec4c2a5e28bf7b2d60e254e976940b12c8ba32a\spring-webmvc-6.1.11.jar;C:\Users\joon7\.gradle\caches\modules-2\files-2.1\org.springframework\spring-web\6.1.11\8910d08f15492273543d2c8032b2b895e08ed9e\spring-web-6.1.11.jar;C:\Users\joon7\.gradle\caches\modules-2\files-2.1\org.springframework.boot\spring-boot-autoconfigure\3.3.2\6a9ab910b00f0b504a5903e3680ac10018da6247\spring-boot-autoconfigure-3.3.2.jar;C:\Users\joon7\.gradle\caches\modules-2\files-2.1\org.springframework.boot\spring-boot\3.3.2\72a257d5518b2b8b9949a26543cdb3a4e67de5f8\spring-boot-3.3.2.jar;C:\Users\joon7\.gradle\caches\modules-2\files-2.1\org.springframework\spring-context\6.1.11\8fc69f776333713aa26be8821af8c6355ccad8d8\spring-context-6.1.11.jar;C:\Users\joon7\.gradle\caches\modules-2\files-2.1\org.springframework\spring-aop\6.1.11\3503ef99b759b81f8b0b3d5260bf4842e393a581\spring-aop-6.1.11.jar;C:\Users\joon7\.gradle\caches\modules-2\files-2.1\org.aspectj\aspectjweaver\1.9.22.1\bca243d0af0db4758fbae45c5f4995cb5dabb612\aspectjweaver-1.9.22.1.jar;C:\Users\joon7\.gradle\caches\modules-2\files-2.1\com.zaxxer\HikariCP\5.1.0\8c96e36c14461fc436bb02b264b96ef3ca5dca8c\HikariCP-5.1.0.jar;C:\Users\joon7\.gradle\caches\modules-2\files-2.1\org.springframework\spring-orm\6.1.11\b96b83839b970f3a5d2ad2f86845924654a17886\spring-orm-6.1.11.jar;C:\Users\joon7\.gradle\caches\modules-2\files-2.1\org.springframework\spring-jdbc\6.1.11\92b9f712206993c56c56903547c6b695a4a70128\spring-jdbc-6.1.11.jar;C:\Users\joon7\.gradle\caches\modules-2\files-2.1\jakarta.persistence\jakarta.persistence-api\3.1.0\66901fa1c373c6aff65c13791cc11da72060a8d6\jakarta.persistence-api-3.1.0.jar;C:\Users\joon7\.gradle\caches\modules-2\files-2.1\jakarta.transaction\jakarta.transaction-api\2.0.1\51a520e3fae406abb84e2e1148e6746ce3f80a1a\jakarta.transaction-api-2.0.1.jar;C:\Users\joon7\.gradle\caches\modules-2\files-2.1\org.springframework.data\spring-data-commons\3.3.2\5f08fd077c957fd561bef09b08ef6cdf54e1c826\spring-data-commons-3.3.2.jar;C:\Users\joon7\.gradle\caches\modules-2\files-2.1\org.springframework\spring-tx\6.1.11\2e38b3218ae80d0b5401a4ef299c4cfbc3a73ed7\spring-tx-6.1.11.jar;C:\Users\joon7\.gradle\caches\modules-2\files-2.1\org.springframework\spring-beans\6.1.11\266176d132ab2bbf8e69e4aa6d7f47ec746ddc9a\spring-beans-6.1.11.jar;C:\Users\joon7\.gradle\caches\modules-2\files-2.1\org.springframework\spring-expression\6.1.11\7c12cf1cd39289cfab7c5933eda9e4704a7f2799\spring-expression-6.1.11.jar;C:\Users\joon7\.gradle\caches\modules-2\files-2.1\org.springframework\spring-core\6.1.11\90fce4311852c68c1e87c65adf60db9add1a6dcb\spring-core-6.1.11.jar;C:\Users\joon7\.gradle\caches\modules-2\files-2.1\org.antlr\antlr4-runtime\4.13.0\5a02e48521624faaf5ff4d99afc88b01686af655\antlr4-runtime-4.13.0.jar;C:\Users\joon7\.gradle\caches\modules-2\files-2.1\jakarta.annotation\jakarta.annotation-api\2.1.1\48b9bda22b091b1f48b13af03fe36db3be6e1ae3\jakarta.annotation-api-2.1.1.jar;C:\Users\joon7\.gradle\caches\modules-2\files-2.1\org.thymeleaf\thymeleaf\3.1.2.RELEASE\273997509a4c7aef86cee0521750140c587d9be2\thymeleaf-3.1.2.RELEASE.jar;C:\Users\joon7\.gradle\caches\modules-2\files-2.1\org.springframework.boot\spring-boot-starter-logging\3.3.2\b685c97f3c24dc30c53ae18151a798f701f2a640\spring-boot-starter-logging-3.3.2.jar;C:\Users\joon7\.gradle\caches\modules-2\files-2.1\ch.qos.logback\logback-classic\1.5.6\afc75d260d838a3bddfb8f207c2805ed7d1b34f9\logback-classic-1.5.6.jar;C:\Users\joon7\.gradle\caches\modules-2\files-2.1\org.apache.logging.log4j\log4j-to-slf4j\2.23.1\425ad1eb8a39904d2830e907a324e956fb456520\log4j-to-slf4j-2.23.1.jar;C:\Users\joon7\.gradle\caches\modules-2\files-2.1\org.slf4j\jul-to-slf4j\2.0.13\a3bcd9d9dd50c71ce69f06b1fd05e40fdeff6ba5\jul-to-slf4j-2.0.13.jar;C:\Users\joon7\.gradle\caches\modules-2\files-2.1\org.slf4j\slf4j-api\2.0.13\80229737f704b121a318bba5d5deacbcf395bc77\slf4j-api-2.0.13.jar;C:\Users\joon7\.gradle\caches\modules-2\files-2.1\org.yaml\snakeyaml\2.2\3af797a25458550a16bf89acc8e4ab2b7f2bfce0\snakeyaml-2.2.jar;C:\Users\joon7\.gradle\caches\modules-2\files-2.1\com.fasterxml.jackson.datatype\jackson-datatype-jsr310\2.17.2\267b85e9ba2892a37be6d80aa9ca1438a0d8c210\jackson-datatype-jsr310-2.17.2.jar;C:\Users\joon7\.gradle\caches\modules-2\files-2.1\com.fasterxml.jackson.module\jackson-module-parameter-names\2.17.2\d27b9f95ccce98984c1ba58d61c5a9c072b1ad95\jackson-module-parameter-names-2.17.2.jar;C:\Users\joon7\.gradle\caches\modules-2\files-2.1\com.fasterxml.jackson.core\jackson-annotations\2.17.2\147b7b9412ffff24339f8aba080b292448e08698\jackson-annotations-2.17.2.jar;C:\Users\joon7\.gradle\caches\modules-2\files-2.1\com.fasterxml.jackson.core\jackson-core\2.17.2\969a35cb35c86512acbadcdbbbfb044c877db814\jackson-core-2.17.2.jar;C:\Users\joon7\.gradle\caches\modules-2\files-2.1\com.fasterxml.jackson.datatype\jackson-datatype-jdk8\2.17.2\efd3dd0e1d0db8bc72abbe71c15e697bb83b4b45\jackson-datatype-jdk8-2.17.2.jar;C:\Users\joon7\.gradle\caches\modules-2\files-2.1\com.fasterxml.jackson.core\jackson-databind\2.17.2\e6deb029e5901e027c129341fac39e515066b68c\jackson-databind-2.17.2.jar;C:\Users\joon7\.gradle\caches\modules-2\files-2.1\org.apache.tomcat.embed\tomcat-embed-websocket\10.1.26\3b147d7e5566e9361e86422f9e49fdd56a429637\tomcat-embed-websocket-10.1.26.jar;C:\Users\joon7\.gradle\caches\modules-2\files-2.1\org.apache.tomcat.embed\tomcat-embed-core\10.1.26\5e0fa06ca373ef0ca55e603291ea51b590c377ea\tomcat-embed-core-10.1.26.jar;C:\Users\joon7\.gradle\caches\modules-2\files-2.1\org.apache.tomcat.embed\tomcat-embed-el\10.1.26\5a5cbcb3e51fcd557b164736e9920a3dd2ac1e33\tomcat-embed-el-10.1.26.jar;C:\Users\joon7\.gradle\caches\modules-2\files-2.1\io.micrometer\micrometer-observation\1.13.2\a498ee0871596f41a61679a29bc8390defba4245\micrometer-observation-1.13.2.jar;C:\Users\joon7\.gradle\caches\modules-2\files-2.1\org.springframework\spring-jcl\6.1.11\97b34c6b72c8084759e71cd09a7dad16bfb8f1da\spring-jcl-6.1.11.jar;C:\Users\joon7\.gradle\caches\modules-2\files-2.1\org.attoparser\attoparser\2.0.7.RELEASE\e5d0e988d9124139d645bb5872b24dfa23e283cc\attoparser-2.0.7.RELEASE.jar;C:\Users\joon7\.gradle\caches\modules-2\files-2.1\org.unbescape\unbescape\1.1.6.RELEASE\7b90360afb2b860e09e8347112800d12c12b2a13\unbescape-1.1.6.RELEASE.jar;C:\Users\joon7\.gradle\caches\modules-2\files-2.1\io.micrometer\micrometer-commons\1.13.2\b2b69f7887f9bf6f5ae42e86a67a62367056aa3c\micrometer-commons-1.13.2.jar;C:\Users\joon7\.gradle\caches\modules-2\files-2.1\ch.qos.logback\logback-core\1.5.6\41cbe874701200c5624c19e0ab50d1b88dfcc77d\logback-core-1.5.6.jar;C:\Users\joon7\.gradle\caches\modules-2\files-2.1\org.apache.logging.log4j\log4j-api\2.23.1\9c15c29c526d9c6783049c0a77722693c66706e1\log4j-api-2.23.1.jar;C:\Users\joon7\.gradle\caches\modules-2\files-2.1\org.springframework.boot\spring-boot-devtools\3.3.2\ff9e444f433eeafd6bc88025909459f835631038\spring-boot-devtools-3.3.2.jar;C:\Users\joon7\.gradle\caches\modules-2\files-2.1\org.mariadb.jdbc\mariadb-java-client\3.3.3\149f773186f5b7d2e840cfaecf4e3bcdddf7b065\mariadb-java-client-3.3.3.jar;C:\Users\joon7\.gradle\caches\modules-2\files-2.1\com.github.waffle\waffle-jna\3.3.0\6c1a06b345702bb1dfd77006af926b091bded851\waffle-jna-3.3.0.jar;C:\Users\joon7\.gradle\caches\modules-2\files-2.1\org.jboss.logging\jboss-logging\3.5.3.Final\c88fc1d8a96d4c3491f55d4317458ccad53ca663\jboss-logging-3.5.3.Final.jar;C:\Users\joon7\.gradle\caches\modules-2\files-2.1\org.hibernate.common\hibernate-commons-annotations\6.0.6.Final\77a5f94b56d49508e0ee334751db5b78e5ccd50c\hibernate-commons-annotations-6.0.6.Final.jar;C:\Users\joon7\.gradle\caches\modules-2\files-2.1\io.smallrye\jandex\3.1.2\a6c1c89925c7df06242b03dddb353116ceb9584c\jandex-3.1.2.jar;C:\Users\joon7\.gradle\caches\modules-2\files-2.1\com.fasterxml\classmate\1.7.0\e98374da1f2143ac8e6e0a95036994bb19137a3\classmate-1.7.0.jar;C:\Users\joon7\.gradle\caches\modules-2\files-2.1\net.bytebuddy\byte-buddy\1.14.18\81e9b9a20944626e6757b5950676af901c2485\byte-buddy-1.14.18.jar;C:\Users\joon7\.gradle\caches\modules-2\files-2.1\org.glassfish.jaxb\jaxb-runtime\4.0.5\ca84c2a7169b5293e232b9d00d1e4e36d4c3914a\jaxb-runtime-4.0.5.jar;C:\Users\joon7\.gradle\caches\modules-2\files-2.1\org.glassfish.jaxb\jaxb-core\4.0.5\7b4b11ea5542eea4ad55e1080b23be436795b3\jaxb-core-4.0.5.jar;C:\Users\joon7\.gradle\caches\modules-2\files-2.1\jakarta.xml.bind\jakarta.xml.bind-api\4.0.2\6cd5a999b834b63238005b7144136379dc36cad2\jakarta.xml.bind-api-4.0.2.jar;C:\Users\joon7\.gradle\caches\modules-2\files-2.1\jakarta.inject\jakarta.inject-api\2.0.1\4c28afe1991a941d7702fe1362c365f0a8641d1e\jakarta.inject-api-2.0.1.jar;C:\Users\joon7\.gradle\caches\modules-2\files-2.1\org.slf4j\jcl-over-slf4j\2.0.13\d062d6e35605aabee0c727a950e29d39ac0a262e\jcl-over-slf4j-2.0.13.jar;C:\Users\joon7\.gradle\caches\modules-2\files-2.1\net.java.dev.jna\jna-platform\5.13.0\88e9a306715e9379f3122415ef4ae759a352640d\jna-platform-5.13.0.jar;C:\Users\joon7\.gradle\caches\modules-2\files-2.1\net.java.dev.jna\jna\5.13.0\1200e7ebeedbe0d10062093f32925a912020e747\jna-5.13.0.jar;C:\Users\joon7\.gradle\caches\modules-2\files-2.1\com.github.ben-manes.caffeine\caffeine\3.1.8\24795585df8afaf70a2cd534786904ea5889c047\caffeine-3.1.8.jar;C:\Users\joon7\.gradle\caches\modules-2\files-2.1\org.checkerframework\checker-qual\3.37.0\ba74746d38026581c12166e164bb3c15e90cc4ea\checker-qual-3.37.0.jar;C:\Users\joon7\.gradle\caches\modules-2\files-2.1\org.eclipse.angus\angus-activation\2.0.2\41f1e0ddd157c856926ed149ab837d110955a9fc\angus-activation-2.0.2.jar;C:\Users\joon7\.gradle\caches\modules-2\files-2.1\jakarta.activation\jakarta.activation-api\2.1.3\fa165bd70cda600368eee31555222776a46b881f\jakarta.activation-api-2.1.3.jar;C:\Users\joon7\.gradle\caches\modules-2\files-2.1\com.google.errorprone\error_prone_annotations\2.21.1\6d9b10773b5237df178a7b3c1b4208df7d0e7f94\error_prone_annotations-2.21.1.jar;C:\Users\joon7\.gradle\caches\modules-2\files-2.1\org.glassfish.jaxb\txw2\4.0.5\f36a4ef12120a9bb06d766d6a0e54b144fd7ed98\txw2-4.0.5.jar;C:\Users\joon7\.gradle\caches\modules-2\files-2.1\com.sun.istack\istack-commons-runtime\4.1.2\18ec117c85f3ba0ac65409136afa8e42bc74e739\istack-commons-runtime-4.1.2.jar
Launcher Type: SUN_STANDARD

[Global flags]
     intx CICompilerCount                          = 4                                         {product} {ergonomic}
     uint ConcGCThreads                            = 2                                         {product} {ergonomic}
     uint G1ConcRefinementThreads                  = 8                                         {product} {ergonomic}
   size_t G1HeapRegionSize                         = 1048576                                   {product} {ergonomic}
    uintx GCDrainStackTargetSize                   = 64                                        {product} {ergonomic}
   size_t InitialHeapSize                          = 130023424                                 {product} {ergonomic}
     bool ManagementServer                         = true                                      {product} {command line}
   size_t MarkStackSize                            = 4194304                                   {product} {ergonomic}
   size_t MaxHeapSize                              = 2063597568                                {product} {ergonomic}
   size_t MaxNewSize                               = 1237319680                                {product} {ergonomic}
   size_t MinHeapDeltaBytes                        = 1048576                                   {product} {ergonomic}
   size_t MinHeapSize                              = 8388608                                   {product} {ergonomic}
    uintx NonNMethodCodeHeapSize                   = 4096                                   {pd product} {ergonomic}
    uintx NonProfiledCodeHeapSize                  = 0                                      {pd product} {ergonomic}
     bool ProfileInterpreter                       = false                                  {pd product} {command line}
    uintx ProfiledCodeHeapSize                     = 0                                      {pd product} {ergonomic}
     bool ShowCodeDetailsInExceptionMessages       = true                                   {manageable} {command line}
   size_t SoftMaxHeapSize                          = 2063597568                             {manageable} {ergonomic}
     intx TieredStopAtLevel                        = 1                                         {product} {command line}
     bool UseCompressedOops                        = true                           {product lp64_product} {ergonomic}
     bool UseG1GC                                  = true                                      {product} {ergonomic}
     bool UseLargePagesIndividualAllocation        = false                                  {pd product} {ergonomic}

Logging:
Log output configuration:
 #0: stdout all=warning uptime,level,tags foldmultilines=false
 #1: stderr all=off uptime,level,tags foldmultilines=false

Environment Variables:
PATH=C:\work2\eclipse\plugins\org.eclipse.justj.openjdk.hotspot.jre.full.win32.x86_64_21.0.3.v20240426-1530\jre\bin;C:/work2/eclipse//plugins/org.eclipse.justj.openjdk.hotspot.jre.full.win32.x86_64_21.0.3.v20240426-1530/jre/bin/server;C:/work2/eclipse//plugins/org.eclipse.justj.openjdk.hotspot.jre.full.win32.x86_64_21.0.3.v20240426-1530/jre/bin;C:\Program Files\Common Files\Oracle\Java\javapath;C:\WINDOWS\system32;C:\WINDOWS;C:\WINDOWS\System32\Wbem;C:\WINDOWS\System32\WindowsPowerShell\v1.0\;C:\WINDOWS\System32\OpenSSH\;C:\Program Files (x86)\Aperio\Common;C:\Program Files\nodejs\;C:\Program Files\Git\cmd;C:\Users\joon7\AppData\Local\Microsoft\WindowsApps;C:\Users\joon7\AppData\Roaming\npm;C:\Users\joon7\AppData\Local\Programs\Microsoft VS Code\bin;C:\work2\eclipse;
USERNAME=joon7
OS=Windows_NT
PROCESSOR_IDENTIFIER=Intel64 Family 6 Model 140 Stepping 1, GenuineIntel
TMP=C:\Users\joon7\AppData\Local\Temp
TEMP=C:\Users\joon7\AppData\Local\Temp




Periodic native trim disabled

---------------  S Y S T E M  ---------------

OS:
 Windows 11 , 64 bit Build 22621 (10.0.22621.3672)
OS uptime: 34 days 20:53 hours

CPU: total 8 (initial active 8) (4 cores per cpu, 2 threads per core) family 6 model 140 stepping 1 microcode 0xb4, cx8, cmov, fxsr, ht, mmx, 3dnowpref, sse, sse2, sse3, ssse3, sse4.1, sse4.2, popcnt, lzcnt, tsc, tscinvbit, avx, avx2, aes, erms, clmul, bmi1, bmi2, adx, avx512f, avx512dq, avx512cd, avx512bw, avx512vl, sha, fma, vzeroupper, avx512_vpopcntdq, avx512_vpclmulqdq, avx512_vaes, avx512_vnni, clflush, clflushopt, clwb, avx512_vbmi2, avx512_vbmi, rdtscp, rdpid, fsrm, gfni, avx512_bitalg, f16c, pku, cet_ibt, cet_ss, avx512_ifma
Processor Information for processor 0
  Max Mhz: 2419, Current Mhz: 2419, Mhz Limit: 2419
Processor Information for processor 1
  Max Mhz: 2419, Current Mhz: 1007, Mhz Limit: 2419
Processor Information for processor 2
  Max Mhz: 2419, Current Mhz: 2419, Mhz Limit: 2419
Processor Information for processor 3
  Max Mhz: 2419, Current Mhz: 1007, Mhz Limit: 2419
Processor Information for processor 4
  Max Mhz: 2419, Current Mhz: 1007, Mhz Limit: 2419
Processor Information for processor 5
  Max Mhz: 2419, Current Mhz: 2419, Mhz Limit: 2419
Processor Information for processor 6
  Max Mhz: 2419, Current Mhz: 1007, Mhz Limit: 2419
Processor Information for processor 7
  Max Mhz: 2419, Current Mhz: 2419, Mhz Limit: 2419

Memory: 4k page, system-wide physical 7865M (339M free)
TotalPageFile size 18961M (AvailPageFile size 2679M)
current process WorkingSet (physical memory assigned to process): 263M, peak: 281M
current process commit charge ("private bytes"): 324M, peak: 338M

vm_info: OpenJDK 64-Bit Server VM (21.0.3+9-LTS) for windows-amd64 JRE (21.0.3+9-LTS), built on 2024-04-16T00:00:00Z by "admin" with MS VC++ 17.7 (VS2022)

END.
